DEBUG [2017-04-06 11:16:06,521] Hotspot ID: 1
DEBUG [2017-04-06 11:16:06,530] Prepare settings...
DEBUG [2017-04-06 11:16:06,530] Making config files...
DEBUG [2017-04-06 11:16:06,530] Skel file is 10-base.cfg...
DEBUG [2017-04-06 11:16:06,530] Set output path as /opt/hotspot/var/snake/10-base.cfg...
DEBUG [2017-04-06 11:16:06,530] Skel file is 10-ovpn.cfg...
DEBUG [2017-04-06 11:16:06,530] Set output path as /opt/hotspot/var/snake/10-ovpn.cfg...
DEBUG [2017-04-06 11:16:06,530] Skel file is 20-ip.cfg...
DEBUG [2017-04-06 11:16:06,530] Set output path as /opt/hotspot/var/snake/20-ip.cfg...
DEBUG [2017-04-06 11:16:06,531] Skel file is 30-hotspot.cfg...
DEBUG [2017-04-06 11:16:06,531] Set output path as /opt/hotspot/var/snake/30-hotspot.cfg...
DEBUG [2017-04-06 11:16:06,531] Skel file is 40-fetch.cfg...
DEBUG [2017-04-06 11:16:06,531] Set output path as /opt/hotspot/var/snake/40-fetch.cfg...
DEBUG [2017-04-06 11:16:06,531] Skel file is 40-https.cfg...
DEBUG [2017-04-06 11:16:06,531] Set output path as /opt/hotspot/var/snake/40-https.cfg...
DEBUG [2017-04-06 11:16:06,531] Skel file is 40-wg.cfg...
DEBUG [2017-04-06 11:16:06,531] Set output path as /opt/hotspot/var/snake/40-wg.cfg...
DEBUG [2017-04-06 11:16:06,531] Skel file is 50-firewall.cfg...
DEBUG [2017-04-06 11:16:06,531] Set output path as /opt/hotspot/var/snake/50-firewall.cfg...
DEBUG [2017-04-06 11:16:06,531] Skel file is 90-fb.cfg...
DEBUG [2017-04-06 11:16:06,531] Set output path as /opt/hotspot/var/snake/90-fb.cfg...
DEBUG [2017-04-06 11:16:06,532] Skel file is 90-insta.cfg...
DEBUG [2017-04-06 11:16:06,532] Set output path as /opt/hotspot/var/snake/90-insta.cfg...
DEBUG [2017-04-06 11:16:06,532] Skel file is 90-ok.cfg...
DEBUG [2017-04-06 11:16:06,532] Set output path as /opt/hotspot/var/snake/90-ok.cfg...
DEBUG [2017-04-06 11:16:06,532] Skel file is 90-twitter.cfg...
DEBUG [2017-04-06 11:16:06,532] Set output path as /opt/hotspot/var/snake/90-twitter.cfg...
DEBUG [2017-04-06 11:16:06,532] Skel file is 90-vk.cfg...
DEBUG [2017-04-06 11:16:06,532] Set output path as /opt/hotspot/var/snake/90-vk.cfg...
DEBUG [2017-04-06 11:16:06,532] Skel file is 99-clean.cfg...
DEBUG [2017-04-06 11:16:06,532] Set output path as /opt/hotspot/var/snake/99-clean.cfg...
WARNING [2017-04-06 11:16:06,532] Failed to generate config for 99-clean.cfg in snake: 'files'
DEBUG [2017-04-06 11:16:06,532] Making fetcher file...
DEBUG [2017-04-06 11:16:06,533] Create zip archive
DEBUG [2017-04-06 11:16:06,533] Add fetcher.cfg to archive
DEBUG [2017-04-06 11:16:06,533] Add default.rsc to archive
DEBUG [2017-04-06 11:16:06,533] Add README to archive
DEBUG [2017-04-06 11:16:06,533] Making openvpn files...
DEBUG [2017-04-06 11:16:06,533] Make cert  snake
WARNING [2017-04-06 11:17:12,593] Unexpected error: gen_config.py: [Errno 2] No such file or directory: '/etc/openvpn/easy-rsa/keys/'
DEBUG [2017-04-06 11:24:05,100] Hotspot ID: 1
DEBUG [2017-04-06 11:24:05,109] Prepare settings...
DEBUG [2017-04-06 11:24:05,110] Making config files...
DEBUG [2017-04-06 11:24:05,110] Skel file is 10-base.cfg...
DEBUG [2017-04-06 11:24:05,110] Set output path as /opt/hotspot/var/snake/10-base.cfg...
DEBUG [2017-04-06 11:24:05,110] Skel file is 10-ovpn.cfg...
DEBUG [2017-04-06 11:24:05,110] Set output path as /opt/hotspot/var/snake/10-ovpn.cfg...
DEBUG [2017-04-06 11:24:05,110] Skel file is 20-ip.cfg...
DEBUG [2017-04-06 11:24:05,110] Set output path as /opt/hotspot/var/snake/20-ip.cfg...
DEBUG [2017-04-06 11:24:05,110] Skel file is 30-hotspot.cfg...
DEBUG [2017-04-06 11:24:05,110] Set output path as /opt/hotspot/var/snake/30-hotspot.cfg...
DEBUG [2017-04-06 11:24:05,111] Skel file is 40-fetch.cfg...
DEBUG [2017-04-06 11:24:05,111] Set output path as /opt/hotspot/var/snake/40-fetch.cfg...
DEBUG [2017-04-06 11:24:05,111] Skel file is 40-https.cfg...
DEBUG [2017-04-06 11:24:05,111] Set output path as /opt/hotspot/var/snake/40-https.cfg...
DEBUG [2017-04-06 11:24:05,111] Skel file is 40-wg.cfg...
DEBUG [2017-04-06 11:24:05,111] Set output path as /opt/hotspot/var/snake/40-wg.cfg...
DEBUG [2017-04-06 11:24:05,111] Skel file is 50-firewall.cfg...
DEBUG [2017-04-06 11:24:05,111] Set output path as /opt/hotspot/var/snake/50-firewall.cfg...
DEBUG [2017-04-06 11:24:05,111] Skel file is 90-fb.cfg...
DEBUG [2017-04-06 11:24:05,111] Set output path as /opt/hotspot/var/snake/90-fb.cfg...
DEBUG [2017-04-06 11:24:05,112] Skel file is 90-insta.cfg...
DEBUG [2017-04-06 11:24:05,112] Set output path as /opt/hotspot/var/snake/90-insta.cfg...
DEBUG [2017-04-06 11:24:05,112] Skel file is 90-ok.cfg...
DEBUG [2017-04-06 11:24:05,112] Set output path as /opt/hotspot/var/snake/90-ok.cfg...
DEBUG [2017-04-06 11:24:05,112] Skel file is 90-twitter.cfg...
DEBUG [2017-04-06 11:24:05,112] Set output path as /opt/hotspot/var/snake/90-twitter.cfg...
DEBUG [2017-04-06 11:24:05,112] Skel file is 90-vk.cfg...
DEBUG [2017-04-06 11:24:05,112] Set output path as /opt/hotspot/var/snake/90-vk.cfg...
DEBUG [2017-04-06 11:24:05,112] Skel file is 99-clean.cfg...
DEBUG [2017-04-06 11:24:05,112] Set output path as /opt/hotspot/var/snake/99-clean.cfg...
WARNING [2017-04-06 11:24:05,112] Failed to generate config for 99-clean.cfg in snake: 'files'
DEBUG [2017-04-06 11:24:05,112] Making fetcher file...
DEBUG [2017-04-06 11:24:05,113] Create zip archive
DEBUG [2017-04-06 11:24:05,113] Add fetcher.cfg to archive
DEBUG [2017-04-06 11:24:05,113] Add default.rsc to archive
DEBUG [2017-04-06 11:24:05,113] Add README to archive
DEBUG [2017-04-06 11:24:05,113] Making openvpn files...
DEBUG [2017-04-06 11:24:05,113] Make cert  snake
DEBUG [2017-04-06 11:24:05,724] Type of cert is client and ip is 10.0.1.1
DEBUG [2017-04-06 11:24:05,725] Make staticfile for 10.0.1.1
DEBUG [2017-04-06 11:24:05,725] Copy keys to directory with user configs. In: /etc/openvpn/easy-rsa/keys/, out: /opt/hotspot/var/snake
WARNING [2017-04-06 11:24:05,725] Unexpected error: gen_config.py: [Errno 2] No such file or directory: '/opt/hotspot/var/../tmp'
DEBUG [2017-04-06 11:39:20,224] Hotspot ID: 1
DEBUG [2017-04-06 11:39:20,233] Prepare settings...
DEBUG [2017-04-06 11:39:20,233] Making config files...
DEBUG [2017-04-06 11:39:20,233] Skel file is 10-base.cfg...
DEBUG [2017-04-06 11:39:20,233] Set output path as /opt/hotspot/var/snake/10-base.cfg...
DEBUG [2017-04-06 11:39:20,234] Skel file is 10-ovpn.cfg...
DEBUG [2017-04-06 11:39:20,234] Set output path as /opt/hotspot/var/snake/10-ovpn.cfg...
DEBUG [2017-04-06 11:39:20,234] Skel file is 20-ip.cfg...
DEBUG [2017-04-06 11:39:20,234] Set output path as /opt/hotspot/var/snake/20-ip.cfg...
DEBUG [2017-04-06 11:39:20,234] Skel file is 30-hotspot.cfg...
DEBUG [2017-04-06 11:39:20,234] Set output path as /opt/hotspot/var/snake/30-hotspot.cfg...
DEBUG [2017-04-06 11:39:20,235] Skel file is 40-fetch.cfg...
DEBUG [2017-04-06 11:39:20,235] Set output path as /opt/hotspot/var/snake/40-fetch.cfg...
DEBUG [2017-04-06 11:39:20,235] Skel file is 40-https.cfg...
DEBUG [2017-04-06 11:39:20,235] Set output path as /opt/hotspot/var/snake/40-https.cfg...
DEBUG [2017-04-06 11:39:20,235] Skel file is 40-wg.cfg...
DEBUG [2017-04-06 11:39:20,235] Set output path as /opt/hotspot/var/snake/40-wg.cfg...
DEBUG [2017-04-06 11:39:20,235] Skel file is 50-firewall.cfg...
DEBUG [2017-04-06 11:39:20,236] Set output path as /opt/hotspot/var/snake/50-firewall.cfg...
DEBUG [2017-04-06 11:39:20,236] Skel file is 90-fb.cfg...
DEBUG [2017-04-06 11:39:20,236] Set output path as /opt/hotspot/var/snake/90-fb.cfg...
DEBUG [2017-04-06 11:39:20,236] Skel file is 90-insta.cfg...
DEBUG [2017-04-06 11:39:20,236] Set output path as /opt/hotspot/var/snake/90-insta.cfg...
DEBUG [2017-04-06 11:39:20,236] Skel file is 90-ok.cfg...
DEBUG [2017-04-06 11:39:20,236] Set output path as /opt/hotspot/var/snake/90-ok.cfg...
DEBUG [2017-04-06 11:39:20,237] Skel file is 90-twitter.cfg...
DEBUG [2017-04-06 11:39:20,237] Set output path as /opt/hotspot/var/snake/90-twitter.cfg...
DEBUG [2017-04-06 11:39:20,237] Skel file is 90-vk.cfg...
DEBUG [2017-04-06 11:39:20,237] Set output path as /opt/hotspot/var/snake/90-vk.cfg...
DEBUG [2017-04-06 11:39:20,237] Skel file is 99-clean.cfg...
DEBUG [2017-04-06 11:39:20,237] Set output path as /opt/hotspot/var/snake/99-clean.cfg...
WARNING [2017-04-06 11:39:20,237] Failed to generate config for 99-clean.cfg in snake: 'files'
DEBUG [2017-04-06 11:39:20,237] Making fetcher file...
DEBUG [2017-04-06 11:39:20,238] Create zip archive
DEBUG [2017-04-06 11:39:20,238] Add fetcher.cfg to archive
DEBUG [2017-04-06 11:39:20,238] Add default.rsc to archive
DEBUG [2017-04-06 11:39:20,238] Add README to archive
DEBUG [2017-04-06 11:39:20,238] Making openvpn files...
DEBUG [2017-04-06 11:39:20,239] Make cert  snake
DEBUG [2017-04-06 11:39:20,239] Type of cert is client and ip is 10.0.1.1
DEBUG [2017-04-06 11:39:20,239] Make staticfile for 10.0.1.1
DEBUG [2017-04-06 11:39:20,239] Copy keys to directory with user configs. In: /etc/openvpn/easy-rsa/keys/, out: /opt/hotspot/var/snake
DEBUG [2017-04-06 11:39:20,239] CFG url is ftp://94.19.247.151/snake/fetcher.zip
DEBUG [2017-04-06 11:58:07,760] Hotspot ID: 8
DEBUG [2017-04-06 11:58:07,769] Prepare settings...
DEBUG [2017-04-06 11:58:07,769] Making config files...
DEBUG [2017-04-06 11:58:07,770] Skel file is 10-base.cfg...
DEBUG [2017-04-06 11:58:07,770] Set output path as /opt/hotspot/var/test256/10-base.cfg...
DEBUG [2017-04-06 11:58:07,770] Skel file is 10-ovpn.cfg...
DEBUG [2017-04-06 11:58:07,770] Set output path as /opt/hotspot/var/test256/10-ovpn.cfg...
DEBUG [2017-04-06 11:58:07,770] Skel file is 20-ip.cfg...
DEBUG [2017-04-06 11:58:07,770] Set output path as /opt/hotspot/var/test256/20-ip.cfg...
DEBUG [2017-04-06 11:58:07,770] Skel file is 30-hotspot.cfg...
DEBUG [2017-04-06 11:58:07,770] Set output path as /opt/hotspot/var/test256/30-hotspot.cfg...
DEBUG [2017-04-06 11:58:07,770] Skel file is 40-fetch.cfg...
DEBUG [2017-04-06 11:58:07,770] Set output path as /opt/hotspot/var/test256/40-fetch.cfg...
DEBUG [2017-04-06 11:58:07,770] Skel file is 40-https.cfg...
DEBUG [2017-04-06 11:58:07,770] Set output path as /opt/hotspot/var/test256/40-https.cfg...
DEBUG [2017-04-06 11:58:07,771] Skel file is 40-wg.cfg...
DEBUG [2017-04-06 11:58:07,771] Set output path as /opt/hotspot/var/test256/40-wg.cfg...
DEBUG [2017-04-06 11:58:07,771] Skel file is 50-firewall.cfg...
DEBUG [2017-04-06 11:58:07,771] Set output path as /opt/hotspot/var/test256/50-firewall.cfg...
DEBUG [2017-04-06 11:58:07,771] Skel file is 90-fb.cfg...
DEBUG [2017-04-06 11:58:07,771] Set output path as /opt/hotspot/var/test256/90-fb.cfg...
DEBUG [2017-04-06 11:58:07,771] Skel file is 90-insta.cfg...
DEBUG [2017-04-06 11:58:07,771] Set output path as /opt/hotspot/var/test256/90-insta.cfg...
DEBUG [2017-04-06 11:58:07,771] Skel file is 90-ok.cfg...
DEBUG [2017-04-06 11:58:07,771] Set output path as /opt/hotspot/var/test256/90-ok.cfg...
DEBUG [2017-04-06 11:58:07,771] Skel file is 90-twitter.cfg...
DEBUG [2017-04-06 11:58:07,771] Set output path as /opt/hotspot/var/test256/90-twitter.cfg...
DEBUG [2017-04-06 11:58:07,772] Skel file is 90-vk.cfg...
DEBUG [2017-04-06 11:58:07,772] Set output path as /opt/hotspot/var/test256/90-vk.cfg...
DEBUG [2017-04-06 11:58:07,772] Skel file is 99-clean.cfg...
DEBUG [2017-04-06 11:58:07,772] Set output path as /opt/hotspot/var/test256/99-clean.cfg...
WARNING [2017-04-06 11:58:07,772] Failed to generate config for 99-clean.cfg in test256: 'files'
DEBUG [2017-04-06 11:58:07,772] Making fetcher file...
DEBUG [2017-04-06 11:58:07,772] Create zip archive
DEBUG [2017-04-06 11:58:07,772] Add fetcher.cfg to archive
DEBUG [2017-04-06 11:58:07,772] Add default.rsc to archive
DEBUG [2017-04-06 11:58:07,773] Add README to archive
DEBUG [2017-04-06 11:58:07,773] Making openvpn files...
DEBUG [2017-04-06 11:58:07,773] Make cert  test256
DEBUG [2017-04-06 11:58:08,791] Type of cert is client and ip is 10.0.1.8
DEBUG [2017-04-06 11:58:08,791] Make staticfile for 10.0.1.8
DEBUG [2017-04-06 11:58:08,791] Copy keys to directory with user configs. In: /etc/openvpn/easy-rsa/keys/, out: /opt/hotspot/var/test256
DEBUG [2017-04-06 11:58:08,791] CFG url is ftp://94.19.247.151/test256/fetcher.zip
DEBUG [2017-04-21 23:55:26,420] Hotspot ID: 9
DEBUG [2017-04-21 23:55:26,429] Prepare settings...
DEBUG [2017-04-21 23:55:26,429] Making config files...
DEBUG [2017-04-21 23:55:26,429] Skel file is 10-base.cfg...
DEBUG [2017-04-21 23:55:26,430] Set output path as /opt/hotspot/var/test/10-base.cfg...
DEBUG [2017-04-21 23:55:26,430] Skel file is 10-ovpn.cfg...
DEBUG [2017-04-21 23:55:26,430] Set output path as /opt/hotspot/var/test/10-ovpn.cfg...
DEBUG [2017-04-21 23:55:26,430] Skel file is 20-ip.cfg...
DEBUG [2017-04-21 23:55:26,430] Set output path as /opt/hotspot/var/test/20-ip.cfg...
DEBUG [2017-04-21 23:55:26,430] Skel file is 30-hotspot.cfg...
DEBUG [2017-04-21 23:55:26,430] Set output path as /opt/hotspot/var/test/30-hotspot.cfg...
DEBUG [2017-04-21 23:55:26,430] Skel file is 40-fetch.cfg...
DEBUG [2017-04-21 23:55:26,430] Set output path as /opt/hotspot/var/test/40-fetch.cfg...
DEBUG [2017-04-21 23:55:26,430] Skel file is 40-https.cfg...
DEBUG [2017-04-21 23:55:26,430] Set output path as /opt/hotspot/var/test/40-https.cfg...
DEBUG [2017-04-21 23:55:26,430] Skel file is 40-wg.cfg...
DEBUG [2017-04-21 23:55:26,430] Set output path as /opt/hotspot/var/test/40-wg.cfg...
DEBUG [2017-04-21 23:55:26,431] Skel file is 50-firewall.cfg...
DEBUG [2017-04-21 23:55:26,431] Set output path as /opt/hotspot/var/test/50-firewall.cfg...
DEBUG [2017-04-21 23:55:26,431] Skel file is 90-fb.cfg...
DEBUG [2017-04-21 23:55:26,431] Set output path as /opt/hotspot/var/test/90-fb.cfg...
DEBUG [2017-04-21 23:55:26,431] Skel file is 90-insta.cfg...
DEBUG [2017-04-21 23:55:26,431] Set output path as /opt/hotspot/var/test/90-insta.cfg...
DEBUG [2017-04-21 23:55:26,431] Skel file is 90-ok.cfg...
DEBUG [2017-04-21 23:55:26,431] Set output path as /opt/hotspot/var/test/90-ok.cfg...
DEBUG [2017-04-21 23:55:26,431] Skel file is 90-twitter.cfg...
DEBUG [2017-04-21 23:55:26,431] Set output path as /opt/hotspot/var/test/90-twitter.cfg...
DEBUG [2017-04-21 23:55:26,431] Skel file is 90-vk.cfg...
DEBUG [2017-04-21 23:55:26,431] Set output path as /opt/hotspot/var/test/90-vk.cfg...
DEBUG [2017-04-21 23:55:26,432] Skel file is 99-clean.cfg...
DEBUG [2017-04-21 23:55:26,432] Set output path as /opt/hotspot/var/test/99-clean.cfg...
WARNING [2017-04-21 23:55:26,432] Failed to generate config for 99-clean.cfg in test: 'files'
DEBUG [2017-04-21 23:55:26,432] Making fetcher file...
DEBUG [2017-04-21 23:55:26,432] Create zip archive
DEBUG [2017-04-21 23:55:26,432] Add fetcher.cfg to archive
DEBUG [2017-04-21 23:55:26,432] Add default.rsc to archive
DEBUG [2017-04-21 23:55:26,432] Add README to archive
DEBUG [2017-04-21 23:55:26,432] Making openvpn files...
DEBUG [2017-04-21 23:55:26,433] Make cert  test
DEBUG [2017-04-21 23:55:26,544] Type of cert is client and ip is 10.0.1.9
DEBUG [2017-04-21 23:55:26,544] Make staticfile for 10.0.1.9
DEBUG [2017-04-21 23:55:26,544] Copy keys to directory with user configs. In: /etc/openvpn/easy-rsa/keys/, out: /opt/hotspot/var/test
DEBUG [2017-04-21 23:55:26,544] CFG url is ftp://94.19.247.151/test/fetcher.zip
DEBUG [2017-04-22 23:23:12,451] Hotspot ID: 9
DEBUG [2017-04-22 23:23:12,460] Prepare settings...
DEBUG [2017-04-22 23:23:12,460] Making config files...
DEBUG [2017-04-22 23:23:12,461] Skel file is 10-base.cfg...
DEBUG [2017-04-22 23:23:12,461] Set output path as /opt/hotspot/var/test/10-base.cfg...
DEBUG [2017-04-22 23:23:12,461] Skel file is 10-ovpn.cfg...
DEBUG [2017-04-22 23:23:12,461] Set output path as /opt/hotspot/var/test/10-ovpn.cfg...
DEBUG [2017-04-22 23:23:12,461] Skel file is 20-ip.cfg...
DEBUG [2017-04-22 23:23:12,461] Set output path as /opt/hotspot/var/test/20-ip.cfg...
DEBUG [2017-04-22 23:23:12,461] Skel file is 30-hotspot.cfg...
DEBUG [2017-04-22 23:23:12,461] Set output path as /opt/hotspot/var/test/30-hotspot.cfg...
DEBUG [2017-04-22 23:23:12,461] Skel file is 40-fetch.cfg...
DEBUG [2017-04-22 23:23:12,461] Set output path as /opt/hotspot/var/test/40-fetch.cfg...
DEBUG [2017-04-22 23:23:12,461] Skel file is 40-https.cfg...
DEBUG [2017-04-22 23:23:12,462] Set output path as /opt/hotspot/var/test/40-https.cfg...
DEBUG [2017-04-22 23:23:12,462] Skel file is 40-wg.cfg...
DEBUG [2017-04-22 23:23:12,462] Set output path as /opt/hotspot/var/test/40-wg.cfg...
DEBUG [2017-04-22 23:23:12,462] Skel file is 50-firewall.cfg...
DEBUG [2017-04-22 23:23:12,462] Set output path as /opt/hotspot/var/test/50-firewall.cfg...
DEBUG [2017-04-22 23:23:12,462] Skel file is 90-fb.cfg...
DEBUG [2017-04-22 23:23:12,462] Set output path as /opt/hotspot/var/test/90-fb.cfg...
DEBUG [2017-04-22 23:23:12,462] Skel file is 90-insta.cfg...
DEBUG [2017-04-22 23:23:12,462] Set output path as /opt/hotspot/var/test/90-insta.cfg...
DEBUG [2017-04-22 23:23:12,462] Skel file is 90-ok.cfg...
DEBUG [2017-04-22 23:23:12,463] Set output path as /opt/hotspot/var/test/90-ok.cfg...
DEBUG [2017-04-22 23:23:12,463] Skel file is 90-twitter.cfg...
DEBUG [2017-04-22 23:23:12,463] Set output path as /opt/hotspot/var/test/90-twitter.cfg...
DEBUG [2017-04-22 23:23:12,463] Skel file is 90-vk.cfg...
DEBUG [2017-04-22 23:23:12,463] Set output path as /opt/hotspot/var/test/90-vk.cfg...
DEBUG [2017-04-22 23:23:12,463] Skel file is 99-clean.cfg...
DEBUG [2017-04-22 23:23:12,463] Set output path as /opt/hotspot/var/test/99-clean.cfg...
WARNING [2017-04-22 23:23:12,463] Failed to generate config for 99-clean.cfg in test: 'files'
DEBUG [2017-04-22 23:23:12,463] Making fetcher file...
DEBUG [2017-04-22 23:23:12,463] Create zip archive
DEBUG [2017-04-22 23:23:12,464] Add fetcher.cfg to archive
DEBUG [2017-04-22 23:23:12,464] Add default.rsc to archive
DEBUG [2017-04-22 23:23:12,464] Add README to archive
DEBUG [2017-04-22 23:23:12,464] Making openvpn files...
DEBUG [2017-04-22 23:23:12,464] Make cert  test
DEBUG [2017-04-22 23:23:12,465] Type of cert is client and ip is 10.0.1.9
DEBUG [2017-04-22 23:23:12,465] Make staticfile for 10.0.1.9
DEBUG [2017-04-22 23:23:12,465] Copy keys to directory with user configs. In: /etc/openvpn/easy-rsa/keys/, out: /opt/hotspot/var/test
DEBUG [2017-04-22 23:23:12,465] CFG url is ftp://94.19.247.151/test/fetcher.zip
DEBUG [2017-04-23 16:22:45,220] Hotspot ID: 9
DEBUG [2017-04-23 16:22:45,229] Prepare settings...
DEBUG [2017-04-23 16:22:45,229] Making config files...
DEBUG [2017-04-23 16:22:45,229] Skel file is 10-base.cfg...
DEBUG [2017-04-23 16:22:45,229] Set output path as /opt/hotspot/var/test/10-base.cfg...
DEBUG [2017-04-23 16:22:45,230] Skel file is 10-ovpn.cfg...
DEBUG [2017-04-23 16:22:45,230] Set output path as /opt/hotspot/var/test/10-ovpn.cfg...
DEBUG [2017-04-23 16:22:45,230] Skel file is 20-ip.cfg...
DEBUG [2017-04-23 16:22:45,230] Set output path as /opt/hotspot/var/test/20-ip.cfg...
DEBUG [2017-04-23 16:22:45,230] Skel file is 30-hotspot.cfg...
DEBUG [2017-04-23 16:22:45,230] Set output path as /opt/hotspot/var/test/30-hotspot.cfg...
DEBUG [2017-04-23 16:22:45,231] Skel file is 40-fetch.cfg...
DEBUG [2017-04-23 16:22:45,231] Set output path as /opt/hotspot/var/test/40-fetch.cfg...
DEBUG [2017-04-23 16:22:45,231] Skel file is 40-https.cfg...
DEBUG [2017-04-23 16:22:45,231] Set output path as /opt/hotspot/var/test/40-https.cfg...
DEBUG [2017-04-23 16:22:45,231] Skel file is 40-wg.cfg...
DEBUG [2017-04-23 16:22:45,231] Set output path as /opt/hotspot/var/test/40-wg.cfg...
DEBUG [2017-04-23 16:22:45,231] Skel file is 50-firewall.cfg...
DEBUG [2017-04-23 16:22:45,232] Set output path as /opt/hotspot/var/test/50-firewall.cfg...
DEBUG [2017-04-23 16:22:45,232] Skel file is 90-fb.cfg...
DEBUG [2017-04-23 16:22:45,232] Set output path as /opt/hotspot/var/test/90-fb.cfg...
DEBUG [2017-04-23 16:22:45,232] Skel file is 90-insta.cfg...
DEBUG [2017-04-23 16:22:45,232] Set output path as /opt/hotspot/var/test/90-insta.cfg...
DEBUG [2017-04-23 16:22:45,233] Skel file is 90-ok.cfg...
DEBUG [2017-04-23 16:22:45,233] Set output path as /opt/hotspot/var/test/90-ok.cfg...
DEBUG [2017-04-23 16:22:45,233] Skel file is 90-twitter.cfg...
DEBUG [2017-04-23 16:22:45,233] Set output path as /opt/hotspot/var/test/90-twitter.cfg...
DEBUG [2017-04-23 16:22:45,233] Skel file is 90-vk.cfg...
DEBUG [2017-04-23 16:22:45,233] Set output path as /opt/hotspot/var/test/90-vk.cfg...
DEBUG [2017-04-23 16:22:45,233] Skel file is 99-clean.cfg...
DEBUG [2017-04-23 16:22:45,234] Set output path as /opt/hotspot/var/test/99-clean.cfg...
WARNING [2017-04-23 16:22:45,234] Failed to generate config for 99-clean.cfg in test: 'files'
DEBUG [2017-04-23 16:22:45,234] Making fetcher file...
DEBUG [2017-04-23 16:22:45,234] Create zip archive
DEBUG [2017-04-23 16:22:45,234] Add fetcher.cfg to archive
DEBUG [2017-04-23 16:22:45,234] Add default.rsc to archive
DEBUG [2017-04-23 16:22:45,235] Add README to archive
DEBUG [2017-04-23 16:22:45,235] Making openvpn files...
DEBUG [2017-04-23 16:22:45,235] Make cert  test
DEBUG [2017-04-23 16:22:45,235] Type of cert is client and ip is 10.0.1.9
DEBUG [2017-04-23 16:22:45,235] Make staticfile for 10.0.1.9
DEBUG [2017-04-23 16:22:45,235] Copy keys to directory with user configs. In: /etc/openvpn/easy-rsa/keys/, out: /opt/hotspot/var/test
DEBUG [2017-04-23 16:22:45,236] CFG url is ftp://94.19.247.151/test/fetcher.zip
DEBUG [2017-04-23 22:44:20,682] Hotspot ID: 8
DEBUG [2017-04-23 22:44:20,691] Prepare settings...
DEBUG [2017-04-23 22:44:20,692] Making config files...
DEBUG [2017-04-23 22:44:20,692] Skel file is 10-base.cfg...
DEBUG [2017-04-23 22:44:20,692] Set output path as /opt/hotspot/var/test256/10-base.cfg...
DEBUG [2017-04-23 22:44:20,692] Skel file is 10-ovpn.cfg...
DEBUG [2017-04-23 22:44:20,692] Set output path as /opt/hotspot/var/test256/10-ovpn.cfg...
DEBUG [2017-04-23 22:44:20,692] Skel file is 20-ip.cfg...
DEBUG [2017-04-23 22:44:20,692] Set output path as /opt/hotspot/var/test256/20-ip.cfg...
DEBUG [2017-04-23 22:44:20,692] Skel file is 30-hotspot.cfg...
DEBUG [2017-04-23 22:44:20,692] Set output path as /opt/hotspot/var/test256/30-hotspot.cfg...
DEBUG [2017-04-23 22:44:20,692] Skel file is 40-fetch.cfg...
DEBUG [2017-04-23 22:44:20,693] Set output path as /opt/hotspot/var/test256/40-fetch.cfg...
DEBUG [2017-04-23 22:44:20,693] Skel file is 40-https.cfg...
DEBUG [2017-04-23 22:44:20,693] Set output path as /opt/hotspot/var/test256/40-https.cfg...
DEBUG [2017-04-23 22:44:20,693] Skel file is 40-wg.cfg...
DEBUG [2017-04-23 22:44:20,693] Set output path as /opt/hotspot/var/test256/40-wg.cfg...
DEBUG [2017-04-23 22:44:20,693] Skel file is 50-firewall.cfg...
DEBUG [2017-04-23 22:44:20,693] Set output path as /opt/hotspot/var/test256/50-firewall.cfg...
DEBUG [2017-04-23 22:44:20,693] Skel file is 90-fb.cfg...
DEBUG [2017-04-23 22:44:20,693] Set output path as /opt/hotspot/var/test256/90-fb.cfg...
DEBUG [2017-04-23 22:44:20,693] Skel file is 90-insta.cfg...
DEBUG [2017-04-23 22:44:20,694] Set output path as /opt/hotspot/var/test256/90-insta.cfg...
DEBUG [2017-04-23 22:44:20,694] Skel file is 90-ok.cfg...
DEBUG [2017-04-23 22:44:20,694] Set output path as /opt/hotspot/var/test256/90-ok.cfg...
DEBUG [2017-04-23 22:44:20,694] Skel file is 90-twitter.cfg...
DEBUG [2017-04-23 22:44:20,694] Set output path as /opt/hotspot/var/test256/90-twitter.cfg...
DEBUG [2017-04-23 22:44:20,694] Skel file is 90-vk.cfg...
DEBUG [2017-04-23 22:44:20,694] Set output path as /opt/hotspot/var/test256/90-vk.cfg...
DEBUG [2017-04-23 22:44:20,694] Skel file is 99-clean.cfg...
DEBUG [2017-04-23 22:44:20,694] Set output path as /opt/hotspot/var/test256/99-clean.cfg...
WARNING [2017-04-23 22:44:20,694] Failed to generate config for 99-clean.cfg in test256: 'files'
DEBUG [2017-04-23 22:44:20,694] Making fetcher file...
DEBUG [2017-04-23 22:44:20,695] Create zip archive
DEBUG [2017-04-23 22:44:20,695] Add fetcher.cfg to archive
DEBUG [2017-04-23 22:44:20,695] Add default.rsc to archive
DEBUG [2017-04-23 22:44:20,695] Add README to archive
DEBUG [2017-04-23 22:44:20,695] Making openvpn files...
DEBUG [2017-04-23 22:44:20,695] Make cert  test256
DEBUG [2017-04-23 22:44:20,696] Type of cert is client and ip is 10.0.1.8
DEBUG [2017-04-23 22:44:20,696] Make staticfile for 10.0.1.8
DEBUG [2017-04-23 22:44:20,696] Copy keys to directory with user configs. In: /etc/openvpn/easy-rsa/keys/, out: /opt/hotspot/var/test256
DEBUG [2017-04-23 22:44:20,696] CFG url is ftp://94.19.247.151/test256/fetcher.zip
DEBUG [2017-04-23 23:17:12,729] Hotspot ID: 8
DEBUG [2017-04-23 23:17:12,738] Prepare settings...
DEBUG [2017-04-23 23:17:12,738] Making config files...
DEBUG [2017-04-23 23:17:12,738] Skel file is 10-base.cfg...
DEBUG [2017-04-23 23:17:12,738] Set output path as /opt/hotspot/var/test256/10-base.cfg...
DEBUG [2017-04-23 23:17:12,738] Skel file is 10-ovpn.cfg...
DEBUG [2017-04-23 23:17:12,738] Set output path as /opt/hotspot/var/test256/10-ovpn.cfg...
DEBUG [2017-04-23 23:17:12,739] Skel file is 20-ip.cfg...
DEBUG [2017-04-23 23:17:12,739] Set output path as /opt/hotspot/var/test256/20-ip.cfg...
DEBUG [2017-04-23 23:17:12,739] Skel file is 30-hotspot.cfg...
DEBUG [2017-04-23 23:17:12,739] Set output path as /opt/hotspot/var/test256/30-hotspot.cfg...
DEBUG [2017-04-23 23:17:12,739] Skel file is 40-fetch.cfg...
DEBUG [2017-04-23 23:17:12,739] Set output path as /opt/hotspot/var/test256/40-fetch.cfg...
DEBUG [2017-04-23 23:17:12,739] Skel file is 40-https.cfg...
DEBUG [2017-04-23 23:17:12,739] Set output path as /opt/hotspot/var/test256/40-https.cfg...
DEBUG [2017-04-23 23:17:12,740] Skel file is 40-wg.cfg...
DEBUG [2017-04-23 23:17:12,740] Set output path as /opt/hotspot/var/test256/40-wg.cfg...
DEBUG [2017-04-23 23:17:12,740] Skel file is 50-firewall.cfg...
DEBUG [2017-04-23 23:17:12,740] Set output path as /opt/hotspot/var/test256/50-firewall.cfg...
DEBUG [2017-04-23 23:17:12,740] Skel file is 90-fb.cfg...
DEBUG [2017-04-23 23:17:12,740] Set output path as /opt/hotspot/var/test256/90-fb.cfg...
DEBUG [2017-04-23 23:17:12,741] Skel file is 90-insta.cfg...
DEBUG [2017-04-23 23:17:12,741] Set output path as /opt/hotspot/var/test256/90-insta.cfg...
DEBUG [2017-04-23 23:17:12,741] Skel file is 90-ok.cfg...
DEBUG [2017-04-23 23:17:12,741] Set output path as /opt/hotspot/var/test256/90-ok.cfg...
DEBUG [2017-04-23 23:17:12,741] Skel file is 90-twitter.cfg...
DEBUG [2017-04-23 23:17:12,741] Set output path as /opt/hotspot/var/test256/90-twitter.cfg...
DEBUG [2017-04-23 23:17:12,741] Skel file is 90-vk.cfg...
DEBUG [2017-04-23 23:17:12,742] Set output path as /opt/hotspot/var/test256/90-vk.cfg...
DEBUG [2017-04-23 23:17:12,742] Skel file is 99-clean.cfg...
DEBUG [2017-04-23 23:17:12,742] Set output path as /opt/hotspot/var/test256/99-clean.cfg...
WARNING [2017-04-23 23:17:12,742] Failed to generate config for 99-clean.cfg in test256: 'files'
DEBUG [2017-04-23 23:17:12,742] Making fetcher file...
DEBUG [2017-04-23 23:17:12,742] Create zip archive
DEBUG [2017-04-23 23:17:12,742] Add fetcher.cfg to archive
DEBUG [2017-04-23 23:17:12,742] Add default.rsc to archive
DEBUG [2017-04-23 23:17:12,743] Add README to archive
DEBUG [2017-04-23 23:17:12,743] Making openvpn files...
DEBUG [2017-04-23 23:17:12,743] Make cert  test256
WARNING [2017-04-23 23:17:12,743] Unexpected error: gen_config.py: [Errno 2] No such file or directory: '/etc/openvpn/easy-rsa/keys/'
DEBUG [2017-04-23 23:17:34,766] Hotspot ID: 8
DEBUG [2017-04-23 23:17:34,775] Prepare settings...
DEBUG [2017-04-23 23:17:34,775] Making config files...
DEBUG [2017-04-23 23:17:34,775] Skel file is 10-base.cfg...
DEBUG [2017-04-23 23:17:34,775] Set output path as /opt/hotspot/var/test256/10-base.cfg...
DEBUG [2017-04-23 23:17:34,775] Skel file is 10-ovpn.cfg...
DEBUG [2017-04-23 23:17:34,775] Set output path as /opt/hotspot/var/test256/10-ovpn.cfg...
DEBUG [2017-04-23 23:17:34,775] Skel file is 20-ip.cfg...
DEBUG [2017-04-23 23:17:34,775] Set output path as /opt/hotspot/var/test256/20-ip.cfg...
DEBUG [2017-04-23 23:17:34,776] Skel file is 30-hotspot.cfg...
DEBUG [2017-04-23 23:17:34,776] Set output path as /opt/hotspot/var/test256/30-hotspot.cfg...
DEBUG [2017-04-23 23:17:34,776] Skel file is 40-fetch.cfg...
DEBUG [2017-04-23 23:17:34,776] Set output path as /opt/hotspot/var/test256/40-fetch.cfg...
DEBUG [2017-04-23 23:17:34,776] Skel file is 40-https.cfg...
DEBUG [2017-04-23 23:17:34,776] Set output path as /opt/hotspot/var/test256/40-https.cfg...
DEBUG [2017-04-23 23:17:34,776] Skel file is 40-wg.cfg...
DEBUG [2017-04-23 23:17:34,776] Set output path as /opt/hotspot/var/test256/40-wg.cfg...
DEBUG [2017-04-23 23:17:34,776] Skel file is 50-firewall.cfg...
DEBUG [2017-04-23 23:17:34,776] Set output path as /opt/hotspot/var/test256/50-firewall.cfg...
DEBUG [2017-04-23 23:17:34,777] Skel file is 90-fb.cfg...
DEBUG [2017-04-23 23:17:34,777] Set output path as /opt/hotspot/var/test256/90-fb.cfg...
DEBUG [2017-04-23 23:17:34,777] Skel file is 90-insta.cfg...
DEBUG [2017-04-23 23:17:34,777] Set output path as /opt/hotspot/var/test256/90-insta.cfg...
DEBUG [2017-04-23 23:17:34,777] Skel file is 90-ok.cfg...
DEBUG [2017-04-23 23:17:34,777] Set output path as /opt/hotspot/var/test256/90-ok.cfg...
DEBUG [2017-04-23 23:17:34,777] Skel file is 90-twitter.cfg...
DEBUG [2017-04-23 23:17:34,777] Set output path as /opt/hotspot/var/test256/90-twitter.cfg...
DEBUG [2017-04-23 23:17:34,777] Skel file is 90-vk.cfg...
DEBUG [2017-04-23 23:17:34,777] Set output path as /opt/hotspot/var/test256/90-vk.cfg...
DEBUG [2017-04-23 23:17:34,778] Skel file is 99-clean.cfg...
DEBUG [2017-04-23 23:17:34,778] Set output path as /opt/hotspot/var/test256/99-clean.cfg...
WARNING [2017-04-23 23:17:34,778] Failed to generate config for 99-clean.cfg in test256: 'files'
DEBUG [2017-04-23 23:17:34,778] Making fetcher file...
DEBUG [2017-04-23 23:17:34,778] Create zip archive
DEBUG [2017-04-23 23:17:34,778] Add fetcher.cfg to archive
DEBUG [2017-04-23 23:17:34,778] Add default.rsc to archive
DEBUG [2017-04-23 23:17:34,778] Add README to archive
DEBUG [2017-04-23 23:17:34,779] Making openvpn files...
DEBUG [2017-04-23 23:17:34,779] Make cert  test256
WARNING [2017-04-23 23:17:34,779] Unexpected error: gen_config.py: [Errno 2] No such file or directory: '/etc/openvpn/easy-rsa/keys/'
DEBUG [2017-04-23 23:21:46,332] Hotspot ID: 8
DEBUG [2017-04-23 23:21:46,342] Prepare settings...
DEBUG [2017-04-23 23:21:46,342] Making config files...
DEBUG [2017-04-23 23:21:46,342] Skel file is 10-base.cfg...
DEBUG [2017-04-23 23:21:46,342] Set output path as /opt/hotspot/var/test256/10-base.cfg...
DEBUG [2017-04-23 23:21:46,342] Skel file is 10-ovpn.cfg...
DEBUG [2017-04-23 23:21:46,342] Set output path as /opt/hotspot/var/test256/10-ovpn.cfg...
DEBUG [2017-04-23 23:21:46,342] Skel file is 20-ip.cfg...
DEBUG [2017-04-23 23:21:46,342] Set output path as /opt/hotspot/var/test256/20-ip.cfg...
DEBUG [2017-04-23 23:21:46,342] Skel file is 30-hotspot.cfg...
DEBUG [2017-04-23 23:21:46,343] Set output path as /opt/hotspot/var/test256/30-hotspot.cfg...
DEBUG [2017-04-23 23:21:46,343] Skel file is 40-fetch.cfg...
DEBUG [2017-04-23 23:21:46,343] Set output path as /opt/hotspot/var/test256/40-fetch.cfg...
DEBUG [2017-04-23 23:21:46,343] Skel file is 40-https.cfg...
DEBUG [2017-04-23 23:21:46,343] Set output path as /opt/hotspot/var/test256/40-https.cfg...
DEBUG [2017-04-23 23:21:46,343] Skel file is 40-wg.cfg...
DEBUG [2017-04-23 23:21:46,343] Set output path as /opt/hotspot/var/test256/40-wg.cfg...
DEBUG [2017-04-23 23:21:46,343] Skel file is 50-firewall.cfg...
DEBUG [2017-04-23 23:21:46,343] Set output path as /opt/hotspot/var/test256/50-firewall.cfg...
DEBUG [2017-04-23 23:21:46,343] Skel file is 90-fb.cfg...
DEBUG [2017-04-23 23:21:46,344] Set output path as /opt/hotspot/var/test256/90-fb.cfg...
DEBUG [2017-04-23 23:21:46,344] Skel file is 90-insta.cfg...
DEBUG [2017-04-23 23:21:46,344] Set output path as /opt/hotspot/var/test256/90-insta.cfg...
DEBUG [2017-04-23 23:21:46,344] Skel file is 90-ok.cfg...
DEBUG [2017-04-23 23:21:46,344] Set output path as /opt/hotspot/var/test256/90-ok.cfg...
DEBUG [2017-04-23 23:21:46,344] Skel file is 90-twitter.cfg...
DEBUG [2017-04-23 23:21:46,344] Set output path as /opt/hotspot/var/test256/90-twitter.cfg...
DEBUG [2017-04-23 23:21:46,344] Skel file is 90-vk.cfg...
DEBUG [2017-04-23 23:21:46,344] Set output path as /opt/hotspot/var/test256/90-vk.cfg...
DEBUG [2017-04-23 23:21:46,344] Skel file is 99-clean.cfg...
DEBUG [2017-04-23 23:21:46,344] Set output path as /opt/hotspot/var/test256/99-clean.cfg...
WARNING [2017-04-23 23:21:46,345] Failed to generate config for 99-clean.cfg in test256: 'files'
DEBUG [2017-04-23 23:21:46,345] Making fetcher file...
DEBUG [2017-04-23 23:21:46,345] Create zip archive
DEBUG [2017-04-23 23:21:46,345] Add fetcher.cfg to archive
DEBUG [2017-04-23 23:21:46,345] Add default.rsc to archive
DEBUG [2017-04-23 23:21:46,345] Add README to archive
DEBUG [2017-04-23 23:21:46,346] Making openvpn files...
DEBUG [2017-04-23 23:21:46,346] Make cert  test256
WARNING [2017-04-23 23:21:46,346] Unexpected error: gen_config.py: [Errno 2] No such file or directory: '/etc/openvpn/easy-rsa/keys/'
DEBUG [2017-04-23 23:23:07,404] Hotspot ID: 8
DEBUG [2017-04-23 23:23:07,413] Prepare settings...
DEBUG [2017-04-23 23:23:07,413] Making config files...
DEBUG [2017-04-23 23:23:07,413] Skel file is 10-base.cfg...
DEBUG [2017-04-23 23:23:07,414] Set output path as /opt/hotspot/var/test256/10-base.cfg...
DEBUG [2017-04-23 23:23:07,414] Skel file is 10-ovpn.cfg...
DEBUG [2017-04-23 23:23:07,414] Set output path as /opt/hotspot/var/test256/10-ovpn.cfg...
DEBUG [2017-04-23 23:23:07,414] Skel file is 20-ip.cfg...
DEBUG [2017-04-23 23:23:07,414] Set output path as /opt/hotspot/var/test256/20-ip.cfg...
DEBUG [2017-04-23 23:23:07,414] Skel file is 30-hotspot.cfg...
DEBUG [2017-04-23 23:23:07,414] Set output path as /opt/hotspot/var/test256/30-hotspot.cfg...
DEBUG [2017-04-23 23:23:07,414] Skel file is 40-fetch.cfg...
DEBUG [2017-04-23 23:23:07,414] Set output path as /opt/hotspot/var/test256/40-fetch.cfg...
DEBUG [2017-04-23 23:23:07,414] Skel file is 40-https.cfg...
DEBUG [2017-04-23 23:23:07,415] Set output path as /opt/hotspot/var/test256/40-https.cfg...
DEBUG [2017-04-23 23:23:07,415] Skel file is 40-wg.cfg...
DEBUG [2017-04-23 23:23:07,415] Set output path as /opt/hotspot/var/test256/40-wg.cfg...
DEBUG [2017-04-23 23:23:07,415] Skel file is 50-firewall.cfg...
DEBUG [2017-04-23 23:23:07,415] Set output path as /opt/hotspot/var/test256/50-firewall.cfg...
DEBUG [2017-04-23 23:23:07,415] Skel file is 90-fb.cfg...
DEBUG [2017-04-23 23:23:07,415] Set output path as /opt/hotspot/var/test256/90-fb.cfg...
DEBUG [2017-04-23 23:23:07,415] Skel file is 90-insta.cfg...
DEBUG [2017-04-23 23:23:07,415] Set output path as /opt/hotspot/var/test256/90-insta.cfg...
DEBUG [2017-04-23 23:23:07,415] Skel file is 90-ok.cfg...
DEBUG [2017-04-23 23:23:07,415] Set output path as /opt/hotspot/var/test256/90-ok.cfg...
DEBUG [2017-04-23 23:23:07,416] Skel file is 90-twitter.cfg...
DEBUG [2017-04-23 23:23:07,416] Set output path as /opt/hotspot/var/test256/90-twitter.cfg...
DEBUG [2017-04-23 23:23:07,416] Skel file is 90-vk.cfg...
DEBUG [2017-04-23 23:23:07,416] Set output path as /opt/hotspot/var/test256/90-vk.cfg...
DEBUG [2017-04-23 23:23:07,416] Skel file is 99-clean.cfg...
DEBUG [2017-04-23 23:23:07,416] Set output path as /opt/hotspot/var/test256/99-clean.cfg...
WARNING [2017-04-23 23:23:07,416] Failed to generate config for 99-clean.cfg in test256: 'files'
DEBUG [2017-04-23 23:23:07,416] Making fetcher file...
DEBUG [2017-04-23 23:23:07,416] Create zip archive
DEBUG [2017-04-23 23:23:07,417] Add fetcher.cfg to archive
DEBUG [2017-04-23 23:23:07,417] Add default.rsc to archive
DEBUG [2017-04-23 23:23:07,417] Add README to archive
DEBUG [2017-04-23 23:23:07,417] Making openvpn files...
DEBUG [2017-04-23 23:23:07,417] Make cert  test256
DEBUG [2017-04-23 23:23:07,817] Type of cert is client and ip is 10.0.1.8
DEBUG [2017-04-23 23:23:07,817] Make staticfile for 10.0.1.8
DEBUG [2017-04-23 23:23:07,817] Copy keys to directory with user configs. In: /etc/openvpn/keys/, out: /opt/hotspot/var/test256
DEBUG [2017-04-23 23:23:07,817] CFG url is ftp://94.19.247.151/test256/fetcher.zip
DEBUG [2017-04-23 23:23:09,604] Hotspot ID: 9
DEBUG [2017-04-23 23:23:09,613] Prepare settings...
DEBUG [2017-04-23 23:23:09,613] Making config files...
DEBUG [2017-04-23 23:23:09,613] Skel file is 10-base.cfg...
DEBUG [2017-04-23 23:23:09,613] Set output path as /opt/hotspot/var/test/10-base.cfg...
DEBUG [2017-04-23 23:23:09,613] Skel file is 10-ovpn.cfg...
DEBUG [2017-04-23 23:23:09,613] Set output path as /opt/hotspot/var/test/10-ovpn.cfg...
DEBUG [2017-04-23 23:23:09,614] Skel file is 20-ip.cfg...
DEBUG [2017-04-23 23:23:09,614] Set output path as /opt/hotspot/var/test/20-ip.cfg...
DEBUG [2017-04-23 23:23:09,614] Skel file is 30-hotspot.cfg...
DEBUG [2017-04-23 23:23:09,614] Set output path as /opt/hotspot/var/test/30-hotspot.cfg...
DEBUG [2017-04-23 23:23:09,614] Skel file is 40-fetch.cfg...
DEBUG [2017-04-23 23:23:09,614] Set output path as /opt/hotspot/var/test/40-fetch.cfg...
DEBUG [2017-04-23 23:23:09,614] Skel file is 40-https.cfg...
DEBUG [2017-04-23 23:23:09,614] Set output path as /opt/hotspot/var/test/40-https.cfg...
DEBUG [2017-04-23 23:23:09,614] Skel file is 40-wg.cfg...
DEBUG [2017-04-23 23:23:09,615] Set output path as /opt/hotspot/var/test/40-wg.cfg...
DEBUG [2017-04-23 23:23:09,615] Skel file is 50-firewall.cfg...
DEBUG [2017-04-23 23:23:09,615] Set output path as /opt/hotspot/var/test/50-firewall.cfg...
DEBUG [2017-04-23 23:23:09,615] Skel file is 90-fb.cfg...
DEBUG [2017-04-23 23:23:09,615] Set output path as /opt/hotspot/var/test/90-fb.cfg...
DEBUG [2017-04-23 23:23:09,615] Skel file is 90-insta.cfg...
DEBUG [2017-04-23 23:23:09,615] Set output path as /opt/hotspot/var/test/90-insta.cfg...
DEBUG [2017-04-23 23:23:09,615] Skel file is 90-ok.cfg...
DEBUG [2017-04-23 23:23:09,615] Set output path as /opt/hotspot/var/test/90-ok.cfg...
DEBUG [2017-04-23 23:23:09,615] Skel file is 90-twitter.cfg...
DEBUG [2017-04-23 23:23:09,616] Set output path as /opt/hotspot/var/test/90-twitter.cfg...
DEBUG [2017-04-23 23:23:09,616] Skel file is 90-vk.cfg...
DEBUG [2017-04-23 23:23:09,616] Set output path as /opt/hotspot/var/test/90-vk.cfg...
DEBUG [2017-04-23 23:23:09,616] Skel file is 99-clean.cfg...
DEBUG [2017-04-23 23:23:09,616] Set output path as /opt/hotspot/var/test/99-clean.cfg...
WARNING [2017-04-23 23:23:09,616] Failed to generate config for 99-clean.cfg in test: 'files'
DEBUG [2017-04-23 23:23:09,616] Making fetcher file...
DEBUG [2017-04-23 23:23:09,616] Create zip archive
DEBUG [2017-04-23 23:23:09,616] Add fetcher.cfg to archive
DEBUG [2017-04-23 23:23:09,617] Add default.rsc to archive
DEBUG [2017-04-23 23:23:09,617] Add README to archive
DEBUG [2017-04-23 23:23:09,617] Making openvpn files...
DEBUG [2017-04-23 23:23:09,617] Make cert  test
DEBUG [2017-04-23 23:23:10,345] Type of cert is client and ip is 10.0.1.9
DEBUG [2017-04-23 23:23:10,346] Make staticfile for 10.0.1.9
DEBUG [2017-04-23 23:23:10,346] Copy keys to directory with user configs. In: /etc/openvpn/keys/, out: /opt/hotspot/var/test
DEBUG [2017-04-23 23:23:10,346] CFG url is ftp://94.19.247.151/test/fetcher.zip
DEBUG [2017-04-24 00:20:28,883] Hotspot ID: 8
DEBUG [2017-04-24 00:20:28,893] Prepare settings...
DEBUG [2017-04-24 00:20:28,893] Making config files...
DEBUG [2017-04-24 00:20:28,893] Skel file is 10-base.cfg...
DEBUG [2017-04-24 00:20:28,893] Set output path as /opt/hotspot/var/test256/10-base.cfg...
DEBUG [2017-04-24 00:20:28,893] Skel file is 10-ovpn.cfg...
DEBUG [2017-04-24 00:20:28,893] Set output path as /opt/hotspot/var/test256/10-ovpn.cfg...
DEBUG [2017-04-24 00:20:28,894] Skel file is 20-ip.cfg...
DEBUG [2017-04-24 00:20:28,894] Set output path as /opt/hotspot/var/test256/20-ip.cfg...
DEBUG [2017-04-24 00:20:28,894] Skel file is 30-hotspot.cfg...
DEBUG [2017-04-24 00:20:28,894] Set output path as /opt/hotspot/var/test256/30-hotspot.cfg...
DEBUG [2017-04-24 00:20:28,894] Skel file is 40-fetch.cfg...
DEBUG [2017-04-24 00:20:28,894] Set output path as /opt/hotspot/var/test256/40-fetch.cfg...
DEBUG [2017-04-24 00:20:28,894] Skel file is 40-https.cfg...
DEBUG [2017-04-24 00:20:28,894] Set output path as /opt/hotspot/var/test256/40-https.cfg...
DEBUG [2017-04-24 00:20:28,894] Skel file is 40-wg.cfg...
DEBUG [2017-04-24 00:20:28,894] Set output path as /opt/hotspot/var/test256/40-wg.cfg...
DEBUG [2017-04-24 00:20:28,895] Skel file is 50-firewall.cfg...
DEBUG [2017-04-24 00:20:28,895] Set output path as /opt/hotspot/var/test256/50-firewall.cfg...
DEBUG [2017-04-24 00:20:28,895] Skel file is 90-fb.cfg...
DEBUG [2017-04-24 00:20:28,895] Set output path as /opt/hotspot/var/test256/90-fb.cfg...
DEBUG [2017-04-24 00:20:28,895] Skel file is 90-insta.cfg...
DEBUG [2017-04-24 00:20:28,895] Set output path as /opt/hotspot/var/test256/90-insta.cfg...
DEBUG [2017-04-24 00:20:28,895] Skel file is 90-ok.cfg...
DEBUG [2017-04-24 00:20:28,895] Set output path as /opt/hotspot/var/test256/90-ok.cfg...
DEBUG [2017-04-24 00:20:28,895] Skel file is 90-twitter.cfg...
DEBUG [2017-04-24 00:20:28,895] Set output path as /opt/hotspot/var/test256/90-twitter.cfg...
DEBUG [2017-04-24 00:20:28,896] Skel file is 90-vk.cfg...
DEBUG [2017-04-24 00:20:28,896] Set output path as /opt/hotspot/var/test256/90-vk.cfg...
DEBUG [2017-04-24 00:20:28,896] Skel file is 99-clean.cfg...
DEBUG [2017-04-24 00:20:28,896] Set output path as /opt/hotspot/var/test256/99-clean.cfg...
WARNING [2017-04-24 00:20:28,896] Failed to generate config for 99-clean.cfg in test256: 'files'
DEBUG [2017-04-24 00:20:28,896] Making fetcher file...
DEBUG [2017-04-24 00:20:28,896] Create zip archive
DEBUG [2017-04-24 00:20:28,896] Add fetcher.cfg to archive
DEBUG [2017-04-24 00:20:28,897] Add default.rsc to archive
DEBUG [2017-04-24 00:20:28,897] Add README to archive
DEBUG [2017-04-24 00:20:28,897] Making openvpn files...
DEBUG [2017-04-24 00:20:28,897] Make cert  test256
DEBUG [2017-04-24 00:34:50,222] Type of cert is client and ip is 10.0.1.8
DEBUG [2017-04-24 00:34:50,222] Make staticfile for 10.0.1.8
DEBUG [2017-04-24 00:34:50,222] Copy keys to directory with user configs. In: /etc/openvpn/keys/, out: /opt/hotspot/var/test256
DEBUG [2017-04-24 00:34:50,223] CFG url is ftp://94.19.247.151/test256/fetcher.zip
DEBUG [2017-04-27 22:09:58,080] Hotspot ID: 8
DEBUG [2017-04-27 22:09:58,089] Prepare settings...
DEBUG [2017-04-27 22:09:58,090] Making config files...
DEBUG [2017-04-27 22:09:58,090] Skel file is 10-base.cfg...
DEBUG [2017-04-27 22:09:58,090] Set output path as /opt/hotspot/var/test256/10-base.cfg...
DEBUG [2017-04-27 22:09:58,090] Skel file is 10-ovpn.cfg...
DEBUG [2017-04-27 22:09:58,090] Set output path as /opt/hotspot/var/test256/10-ovpn.cfg...
DEBUG [2017-04-27 22:09:58,090] Skel file is 20-ip.cfg...
DEBUG [2017-04-27 22:09:58,090] Set output path as /opt/hotspot/var/test256/20-ip.cfg...
DEBUG [2017-04-27 22:09:58,090] Skel file is 30-hotspot.cfg...
DEBUG [2017-04-27 22:09:58,090] Set output path as /opt/hotspot/var/test256/30-hotspot.cfg...
DEBUG [2017-04-27 22:09:58,091] Skel file is 40-fetch.cfg...
DEBUG [2017-04-27 22:09:58,091] Set output path as /opt/hotspot/var/test256/40-fetch.cfg...
DEBUG [2017-04-27 22:09:58,091] Skel file is 40-https.cfg...
DEBUG [2017-04-27 22:09:58,091] Set output path as /opt/hotspot/var/test256/40-https.cfg...
DEBUG [2017-04-27 22:09:58,091] Skel file is 40-wg.cfg...
DEBUG [2017-04-27 22:09:58,091] Set output path as /opt/hotspot/var/test256/40-wg.cfg...
DEBUG [2017-04-27 22:09:58,092] Skel file is 50-firewall.cfg...
DEBUG [2017-04-27 22:09:58,092] Set output path as /opt/hotspot/var/test256/50-firewall.cfg...
DEBUG [2017-04-27 22:09:58,092] Skel file is 90-fb.cfg...
DEBUG [2017-04-27 22:09:58,092] Set output path as /opt/hotspot/var/test256/90-fb.cfg...
DEBUG [2017-04-27 22:09:58,092] Skel file is 90-insta.cfg...
DEBUG [2017-04-27 22:09:58,092] Set output path as /opt/hotspot/var/test256/90-insta.cfg...
DEBUG [2017-04-27 22:09:58,092] Skel file is 90-ok.cfg...
DEBUG [2017-04-27 22:09:58,093] Set output path as /opt/hotspot/var/test256/90-ok.cfg...
DEBUG [2017-04-27 22:09:58,093] Skel file is 90-twitter.cfg...
DEBUG [2017-04-27 22:09:58,093] Set output path as /opt/hotspot/var/test256/90-twitter.cfg...
DEBUG [2017-04-27 22:09:58,093] Skel file is 90-vk.cfg...
DEBUG [2017-04-27 22:09:58,093] Set output path as /opt/hotspot/var/test256/90-vk.cfg...
DEBUG [2017-04-27 22:09:58,093] Skel file is 99-clean.cfg...
DEBUG [2017-04-27 22:09:58,093] Set output path as /opt/hotspot/var/test256/99-clean.cfg...
WARNING [2017-04-27 22:09:58,093] Failed to generate config for 99-clean.cfg in test256: 'files'
DEBUG [2017-04-27 22:09:58,094] Making fetcher file...
DEBUG [2017-04-27 22:09:58,094] Create zip archive
DEBUG [2017-04-27 22:09:58,094] Add fetcher.cfg to archive
DEBUG [2017-04-27 22:09:58,094] Add default.rsc to archive
DEBUG [2017-04-27 22:09:58,095] Add README to archive
DEBUG [2017-04-27 22:09:58,095] Making openvpn files...
DEBUG [2017-04-27 22:09:58,095] Make cert  test256
DEBUG [2017-04-27 22:10:06,434] Type of cert is client and ip is 10.0.1.8
DEBUG [2017-04-27 22:10:06,434] Make staticfile for 10.0.1.8
DEBUG [2017-04-27 22:10:06,434] Copy keys to directory with user configs. In: /etc/openvpn/keys/, out: /opt/hotspot/var/test256
DEBUG [2017-04-27 22:10:06,435] CFG url is ftp://94.19.247.151/test256/fetcher.zip
DEBUG [2017-04-27 22:20:36,924] Hotspot ID: 9
DEBUG [2017-04-27 22:20:36,933] Prepare settings...
DEBUG [2017-04-27 22:20:36,933] Making config files...
DEBUG [2017-04-27 22:20:36,933] Skel file is 10-base.cfg...
DEBUG [2017-04-27 22:20:36,933] Set output path as /opt/hotspot/var/test/10-base.cfg...
DEBUG [2017-04-27 22:20:36,934] Skel file is 10-ovpn.cfg...
DEBUG [2017-04-27 22:20:36,934] Set output path as /opt/hotspot/var/test/10-ovpn.cfg...
DEBUG [2017-04-27 22:20:36,934] Skel file is 20-ip.cfg...
DEBUG [2017-04-27 22:20:36,934] Set output path as /opt/hotspot/var/test/20-ip.cfg...
DEBUG [2017-04-27 22:20:36,934] Skel file is 30-hotspot.cfg...
DEBUG [2017-04-27 22:20:36,934] Set output path as /opt/hotspot/var/test/30-hotspot.cfg...
DEBUG [2017-04-27 22:20:36,934] Skel file is 40-fetch.cfg...
DEBUG [2017-04-27 22:20:36,934] Set output path as /opt/hotspot/var/test/40-fetch.cfg...
DEBUG [2017-04-27 22:20:36,934] Skel file is 40-https.cfg...
DEBUG [2017-04-27 22:20:36,934] Set output path as /opt/hotspot/var/test/40-https.cfg...
DEBUG [2017-04-27 22:20:36,934] Skel file is 40-wg.cfg...
DEBUG [2017-04-27 22:20:36,935] Set output path as /opt/hotspot/var/test/40-wg.cfg...
DEBUG [2017-04-27 22:20:36,935] Skel file is 50-firewall.cfg...
DEBUG [2017-04-27 22:20:36,935] Set output path as /opt/hotspot/var/test/50-firewall.cfg...
DEBUG [2017-04-27 22:20:36,935] Skel file is 90-fb.cfg...
DEBUG [2017-04-27 22:20:36,935] Set output path as /opt/hotspot/var/test/90-fb.cfg...
DEBUG [2017-04-27 22:20:36,935] Skel file is 90-insta.cfg...
DEBUG [2017-04-27 22:20:36,935] Set output path as /opt/hotspot/var/test/90-insta.cfg...
DEBUG [2017-04-27 22:20:36,935] Skel file is 90-ok.cfg...
DEBUG [2017-04-27 22:20:36,935] Set output path as /opt/hotspot/var/test/90-ok.cfg...
DEBUG [2017-04-27 22:20:36,936] Skel file is 90-twitter.cfg...
DEBUG [2017-04-27 22:20:36,936] Set output path as /opt/hotspot/var/test/90-twitter.cfg...
DEBUG [2017-04-27 22:20:36,936] Skel file is 90-vk.cfg...
DEBUG [2017-04-27 22:20:36,936] Set output path as /opt/hotspot/var/test/90-vk.cfg...
DEBUG [2017-04-27 22:20:36,936] Skel file is 99-clean.cfg...
DEBUG [2017-04-27 22:20:36,936] Set output path as /opt/hotspot/var/test/99-clean.cfg...
WARNING [2017-04-27 22:20:36,936] Failed to generate config for 99-clean.cfg in test: 'files'
DEBUG [2017-04-27 22:20:36,936] Making fetcher file...
DEBUG [2017-04-27 22:20:36,936] Create zip archive
DEBUG [2017-04-27 22:20:36,936] Add fetcher.cfg to archive
DEBUG [2017-04-27 22:20:36,937] Add default.rsc to archive
DEBUG [2017-04-27 22:20:36,937] Add README to archive
DEBUG [2017-04-27 22:20:36,937] Making openvpn files...
DEBUG [2017-04-27 22:20:36,937] Make cert  test
DEBUG [2017-04-27 22:20:37,305] Type of cert is client and ip is 10.0.1.9
DEBUG [2017-04-27 22:20:37,305] Make staticfile for 10.0.1.9
DEBUG [2017-04-27 22:20:37,305] Copy keys to directory with user configs. In: /etc/openvpn/keys/, out: /opt/hotspot/var/test
DEBUG [2017-04-27 22:20:37,305] CFG url is ftp://94.19.247.151/test/fetcher.zip
DEBUG [2017-05-01 14:31:34,382] Hotspot ID: 10
DEBUG [2017-05-01 14:31:34,391] Prepare settings...
DEBUG [2017-05-01 14:31:34,391] Making config files...
DEBUG [2017-05-01 14:31:34,391] Skel file is 10-base.cfg...
DEBUG [2017-05-01 14:31:34,392] Set output path as /opt/hotspot/var/test123/10-base.cfg...
DEBUG [2017-05-01 14:31:34,392] Skel file is 10-ovpn.cfg...
DEBUG [2017-05-01 14:31:34,392] Set output path as /opt/hotspot/var/test123/10-ovpn.cfg...
DEBUG [2017-05-01 14:31:34,392] Skel file is 20-ip.cfg...
DEBUG [2017-05-01 14:31:34,392] Set output path as /opt/hotspot/var/test123/20-ip.cfg...
DEBUG [2017-05-01 14:31:34,392] Skel file is 30-hotspot.cfg...
DEBUG [2017-05-01 14:31:34,392] Set output path as /opt/hotspot/var/test123/30-hotspot.cfg...
DEBUG [2017-05-01 14:31:34,392] Skel file is 40-fetch.cfg...
DEBUG [2017-05-01 14:31:34,392] Set output path as /opt/hotspot/var/test123/40-fetch.cfg...
DEBUG [2017-05-01 14:31:34,392] Skel file is 40-https.cfg...
DEBUG [2017-05-01 14:31:34,392] Set output path as /opt/hotspot/var/test123/40-https.cfg...
DEBUG [2017-05-01 14:31:34,393] Skel file is 40-wg.cfg...
DEBUG [2017-05-01 14:31:34,393] Set output path as /opt/hotspot/var/test123/40-wg.cfg...
DEBUG [2017-05-01 14:31:34,393] Skel file is 50-firewall.cfg...
DEBUG [2017-05-01 14:31:34,393] Set output path as /opt/hotspot/var/test123/50-firewall.cfg...
DEBUG [2017-05-01 14:31:34,393] Skel file is 90-fb.cfg...
DEBUG [2017-05-01 14:31:34,393] Set output path as /opt/hotspot/var/test123/90-fb.cfg...
DEBUG [2017-05-01 14:31:34,393] Skel file is 90-insta.cfg...
DEBUG [2017-05-01 14:31:34,393] Set output path as /opt/hotspot/var/test123/90-insta.cfg...
DEBUG [2017-05-01 14:31:34,393] Skel file is 90-ok.cfg...
DEBUG [2017-05-01 14:31:34,393] Set output path as /opt/hotspot/var/test123/90-ok.cfg...
DEBUG [2017-05-01 14:31:34,393] Skel file is 90-twitter.cfg...
DEBUG [2017-05-01 14:31:34,393] Set output path as /opt/hotspot/var/test123/90-twitter.cfg...
DEBUG [2017-05-01 14:31:34,393] Skel file is 90-vk.cfg...
DEBUG [2017-05-01 14:31:34,394] Set output path as /opt/hotspot/var/test123/90-vk.cfg...
DEBUG [2017-05-01 14:31:34,394] Skel file is 99-clean.cfg...
DEBUG [2017-05-01 14:31:34,394] Set output path as /opt/hotspot/var/test123/99-clean.cfg...
WARNING [2017-05-01 14:31:34,394] Failed to generate config for 99-clean.cfg in test123: 'files'
DEBUG [2017-05-01 14:31:34,394] Making fetcher file...
DEBUG [2017-05-01 14:31:34,394] Create zip archive
DEBUG [2017-05-01 14:31:34,394] Add fetcher.cfg to archive
DEBUG [2017-05-01 14:31:34,394] Add default.rsc to archive
DEBUG [2017-05-01 14:31:34,394] Add README to archive
DEBUG [2017-05-01 14:31:34,395] Making openvpn files...
DEBUG [2017-05-01 14:31:34,395] Make cert  test123
DEBUG [2017-05-01 14:31:34,602] Type of cert is client and ip is 10.0.1.10
DEBUG [2017-05-01 14:31:34,602] Make staticfile for 10.0.1.10
DEBUG [2017-05-01 14:31:34,602] Copy keys to directory with user configs. In: /etc/openvpn/keys/, out: /opt/hotspot/var/test123
DEBUG [2017-05-01 14:31:34,602] CFG url is ftp://94.19.247.151/test123/fetcher.zip
DEBUG [2017-05-01 15:31:50,471] Hotspot ID: 11
DEBUG [2017-05-01 15:31:50,480] Prepare settings...
DEBUG [2017-05-01 15:31:50,480] Making config files...
DEBUG [2017-05-01 15:31:50,480] Skel file is 10-base.cfg...
DEBUG [2017-05-01 15:31:50,480] Set output path as /opt/hotspot/var/test1234/10-base.cfg...
DEBUG [2017-05-01 15:31:50,481] Skel file is 10-ovpn.cfg...
DEBUG [2017-05-01 15:31:50,481] Set output path as /opt/hotspot/var/test1234/10-ovpn.cfg...
DEBUG [2017-05-01 15:31:50,481] Skel file is 20-ip.cfg...
DEBUG [2017-05-01 15:31:50,481] Set output path as /opt/hotspot/var/test1234/20-ip.cfg...
DEBUG [2017-05-01 15:31:50,481] Skel file is 30-hotspot.cfg...
DEBUG [2017-05-01 15:31:50,481] Set output path as /opt/hotspot/var/test1234/30-hotspot.cfg...
DEBUG [2017-05-01 15:31:50,481] Skel file is 40-fetch.cfg...
DEBUG [2017-05-01 15:31:50,481] Set output path as /opt/hotspot/var/test1234/40-fetch.cfg...
DEBUG [2017-05-01 15:31:50,481] Skel file is 40-https.cfg...
DEBUG [2017-05-01 15:31:50,481] Set output path as /opt/hotspot/var/test1234/40-https.cfg...
DEBUG [2017-05-01 15:31:50,481] Skel file is 40-wg.cfg...
DEBUG [2017-05-01 15:31:50,481] Set output path as /opt/hotspot/var/test1234/40-wg.cfg...
DEBUG [2017-05-01 15:31:50,481] Skel file is 50-firewall.cfg...
DEBUG [2017-05-01 15:31:50,482] Set output path as /opt/hotspot/var/test1234/50-firewall.cfg...
DEBUG [2017-05-01 15:31:50,482] Skel file is 90-fb.cfg...
DEBUG [2017-05-01 15:31:50,482] Set output path as /opt/hotspot/var/test1234/90-fb.cfg...
DEBUG [2017-05-01 15:31:50,482] Skel file is 90-insta.cfg...
DEBUG [2017-05-01 15:31:50,482] Set output path as /opt/hotspot/var/test1234/90-insta.cfg...
DEBUG [2017-05-01 15:31:50,482] Skel file is 90-ok.cfg...
DEBUG [2017-05-01 15:31:50,482] Set output path as /opt/hotspot/var/test1234/90-ok.cfg...
DEBUG [2017-05-01 15:31:50,482] Skel file is 90-twitter.cfg...
DEBUG [2017-05-01 15:31:50,482] Set output path as /opt/hotspot/var/test1234/90-twitter.cfg...
DEBUG [2017-05-01 15:31:50,482] Skel file is 90-vk.cfg...
DEBUG [2017-05-01 15:31:50,482] Set output path as /opt/hotspot/var/test1234/90-vk.cfg...
DEBUG [2017-05-01 15:31:50,482] Skel file is 99-clean.cfg...
DEBUG [2017-05-01 15:31:50,482] Set output path as /opt/hotspot/var/test1234/99-clean.cfg...
WARNING [2017-05-01 15:31:50,482] Failed to generate config for 99-clean.cfg in test1234: 'files'
DEBUG [2017-05-01 15:31:50,483] Making fetcher file...
DEBUG [2017-05-01 15:31:50,483] Create zip archive
DEBUG [2017-05-01 15:31:50,483] Add fetcher.cfg to archive
DEBUG [2017-05-01 15:31:50,483] Add default.rsc to archive
DEBUG [2017-05-01 15:31:50,483] Add README to archive
DEBUG [2017-05-01 15:31:50,483] Making openvpn files...
DEBUG [2017-05-01 15:31:50,483] Make cert  test1234
DEBUG [2017-05-01 15:31:50,810] Type of cert is client and ip is 10.0.1.11
DEBUG [2017-05-01 15:31:50,811] Make staticfile for 10.0.1.11
DEBUG [2017-05-01 15:31:50,811] Copy keys to directory with user configs. In: /etc/openvpn/keys/, out: /opt/hotspot/var/test1234
DEBUG [2017-05-01 15:31:50,811] CFG url is ftp://94.19.247.151/test1234/fetcher.zip
DEBUG [2017-05-01 15:33:14,805] Hotspot ID: 10
DEBUG [2017-05-01 15:33:14,814] Prepare settings...
DEBUG [2017-05-01 15:33:14,814] Making config files...
DEBUG [2017-05-01 15:33:14,814] Skel file is 10-base.cfg...
DEBUG [2017-05-01 15:33:14,815] Set output path as /opt/hotspot/var/test1232/10-base.cfg...
DEBUG [2017-05-01 15:33:14,815] Skel file is 10-ovpn.cfg...
DEBUG [2017-05-01 15:33:14,815] Set output path as /opt/hotspot/var/test1232/10-ovpn.cfg...
DEBUG [2017-05-01 15:33:14,815] Skel file is 20-ip.cfg...
DEBUG [2017-05-01 15:33:14,815] Set output path as /opt/hotspot/var/test1232/20-ip.cfg...
DEBUG [2017-05-01 15:33:14,815] Skel file is 30-hotspot.cfg...
DEBUG [2017-05-01 15:33:14,815] Set output path as /opt/hotspot/var/test1232/30-hotspot.cfg...
DEBUG [2017-05-01 15:33:14,815] Skel file is 40-fetch.cfg...
DEBUG [2017-05-01 15:33:14,815] Set output path as /opt/hotspot/var/test1232/40-fetch.cfg...
DEBUG [2017-05-01 15:33:14,815] Skel file is 40-https.cfg...
DEBUG [2017-05-01 15:33:14,815] Set output path as /opt/hotspot/var/test1232/40-https.cfg...
DEBUG [2017-05-01 15:33:14,815] Skel file is 40-wg.cfg...
DEBUG [2017-05-01 15:33:14,815] Set output path as /opt/hotspot/var/test1232/40-wg.cfg...
DEBUG [2017-05-01 15:33:14,816] Skel file is 50-firewall.cfg...
DEBUG [2017-05-01 15:33:14,816] Set output path as /opt/hotspot/var/test1232/50-firewall.cfg...
DEBUG [2017-05-01 15:33:14,816] Skel file is 90-fb.cfg...
DEBUG [2017-05-01 15:33:14,816] Set output path as /opt/hotspot/var/test1232/90-fb.cfg...
DEBUG [2017-05-01 15:33:14,816] Skel file is 90-insta.cfg...
DEBUG [2017-05-01 15:33:14,816] Set output path as /opt/hotspot/var/test1232/90-insta.cfg...
DEBUG [2017-05-01 15:33:14,816] Skel file is 90-ok.cfg...
DEBUG [2017-05-01 15:33:14,816] Set output path as /opt/hotspot/var/test1232/90-ok.cfg...
DEBUG [2017-05-01 15:33:14,816] Skel file is 90-twitter.cfg...
DEBUG [2017-05-01 15:33:14,816] Set output path as /opt/hotspot/var/test1232/90-twitter.cfg...
DEBUG [2017-05-01 15:33:14,816] Skel file is 90-vk.cfg...
DEBUG [2017-05-01 15:33:14,816] Set output path as /opt/hotspot/var/test1232/90-vk.cfg...
DEBUG [2017-05-01 15:33:14,816] Skel file is 99-clean.cfg...
DEBUG [2017-05-01 15:33:14,817] Set output path as /opt/hotspot/var/test1232/99-clean.cfg...
WARNING [2017-05-01 15:33:14,817] Failed to generate config for 99-clean.cfg in test1232: 'files'
DEBUG [2017-05-01 15:33:14,817] Making fetcher file...
DEBUG [2017-05-01 15:33:14,817] Create zip archive
DEBUG [2017-05-01 15:33:14,817] Add fetcher.cfg to archive
DEBUG [2017-05-01 15:33:14,817] Add default.rsc to archive
DEBUG [2017-05-01 15:33:14,817] Add README to archive
DEBUG [2017-05-01 15:33:14,817] Making openvpn files...
DEBUG [2017-05-01 15:33:14,818] Make cert  test1232
DEBUG [2017-05-01 15:33:15,200] Type of cert is client and ip is 10.0.1.10
DEBUG [2017-05-01 15:33:15,200] Make staticfile for 10.0.1.10
DEBUG [2017-05-01 15:33:15,200] Copy keys to directory with user configs. In: /etc/openvpn/keys/, out: /opt/hotspot/var/test1232
DEBUG [2017-05-01 15:33:15,200] CFG url is ftp://94.19.247.151/test1232/fetcher.zip
DEBUG [2017-05-01 20:44:38,666] Hotspot ID: 11
DEBUG [2017-05-01 20:44:38,675] Prepare settings...
DEBUG [2017-05-01 20:44:38,675] Making config files...
DEBUG [2017-05-01 20:44:38,675] Skel file is 10-base.cfg...
DEBUG [2017-05-01 20:44:38,675] Set output path as /opt/hotspot/var/test123/10-base.cfg...
DEBUG [2017-05-01 20:44:38,675] Skel file is 10-ovpn.cfg...
DEBUG [2017-05-01 20:44:38,675] Set output path as /opt/hotspot/var/test123/10-ovpn.cfg...
DEBUG [2017-05-01 20:44:38,675] Skel file is 20-ip.cfg...
DEBUG [2017-05-01 20:44:38,675] Set output path as /opt/hotspot/var/test123/20-ip.cfg...
DEBUG [2017-05-01 20:44:38,676] Skel file is 30-hotspot.cfg...
DEBUG [2017-05-01 20:44:38,676] Set output path as /opt/hotspot/var/test123/30-hotspot.cfg...
DEBUG [2017-05-01 20:44:38,676] Skel file is 40-fetch.cfg...
DEBUG [2017-05-01 20:44:38,676] Set output path as /opt/hotspot/var/test123/40-fetch.cfg...
DEBUG [2017-05-01 20:44:38,676] Skel file is 40-https.cfg...
DEBUG [2017-05-01 20:44:38,676] Set output path as /opt/hotspot/var/test123/40-https.cfg...
DEBUG [2017-05-01 20:44:38,676] Skel file is 40-wg.cfg...
DEBUG [2017-05-01 20:44:38,676] Set output path as /opt/hotspot/var/test123/40-wg.cfg...
DEBUG [2017-05-01 20:44:38,677] Skel file is 50-firewall.cfg...
DEBUG [2017-05-01 20:44:38,677] Set output path as /opt/hotspot/var/test123/50-firewall.cfg...
DEBUG [2017-05-01 20:44:38,677] Skel file is 90-fb.cfg...
DEBUG [2017-05-01 20:44:38,677] Set output path as /opt/hotspot/var/test123/90-fb.cfg...
DEBUG [2017-05-01 20:44:38,677] Skel file is 90-insta.cfg...
DEBUG [2017-05-01 20:44:38,677] Set output path as /opt/hotspot/var/test123/90-insta.cfg...
DEBUG [2017-05-01 20:44:38,677] Skel file is 90-ok.cfg...
DEBUG [2017-05-01 20:44:38,677] Set output path as /opt/hotspot/var/test123/90-ok.cfg...
DEBUG [2017-05-01 20:44:38,677] Skel file is 90-twitter.cfg...
DEBUG [2017-05-01 20:44:38,677] Set output path as /opt/hotspot/var/test123/90-twitter.cfg...
DEBUG [2017-05-01 20:44:38,678] Skel file is 90-vk.cfg...
DEBUG [2017-05-01 20:44:38,678] Set output path as /opt/hotspot/var/test123/90-vk.cfg...
DEBUG [2017-05-01 20:44:38,678] Skel file is 99-clean.cfg...
DEBUG [2017-05-01 20:44:38,678] Set output path as /opt/hotspot/var/test123/99-clean.cfg...
WARNING [2017-05-01 20:44:38,678] Failed to generate config for 99-clean.cfg in test123: 'files'
DEBUG [2017-05-01 20:44:38,678] Making fetcher file...
DEBUG [2017-05-01 20:44:38,678] Create zip archive
DEBUG [2017-05-01 20:44:38,678] Add fetcher.cfg to archive
DEBUG [2017-05-01 20:44:38,678] Add default.rsc to archive
DEBUG [2017-05-01 20:44:38,679] Add README to archive
DEBUG [2017-05-01 20:44:38,679] Making openvpn files...
DEBUG [2017-05-01 20:44:38,679] Make cert  test123
DEBUG [2017-05-01 20:44:38,679] Type of cert is client and ip is 10.0.1.11
DEBUG [2017-05-01 20:44:38,679] Make staticfile for 10.0.1.11
DEBUG [2017-05-01 20:44:38,680] Copy keys to directory with user configs. In: /etc/openvpn/keys/, out: /opt/hotspot/var/test123
DEBUG [2017-05-01 20:44:38,680] CFG url is ftp://94.19.247.151/test123/fetcher.zip
DEBUG [2017-05-02 12:04:20,247] Hotspot ID: 12
DEBUG [2017-05-02 12:04:20,257] Prepare settings...
DEBUG [2017-05-02 12:04:20,257] Making config files...
DEBUG [2017-05-02 12:04:20,257] Skel file is 10-base.cfg...
DEBUG [2017-05-02 12:04:20,257] Set output path as /opt/hotspot/var/Test/10-base.cfg...
DEBUG [2017-05-02 12:04:20,257] Skel file is 10-ovpn.cfg...
DEBUG [2017-05-02 12:04:20,257] Set output path as /opt/hotspot/var/Test/10-ovpn.cfg...
DEBUG [2017-05-02 12:04:20,257] Skel file is 20-ip.cfg...
DEBUG [2017-05-02 12:04:20,257] Set output path as /opt/hotspot/var/Test/20-ip.cfg...
DEBUG [2017-05-02 12:04:20,257] Skel file is 30-hotspot.cfg...
DEBUG [2017-05-02 12:04:20,257] Set output path as /opt/hotspot/var/Test/30-hotspot.cfg...
DEBUG [2017-05-02 12:04:20,258] Skel file is 40-fetch.cfg...
DEBUG [2017-05-02 12:04:20,258] Set output path as /opt/hotspot/var/Test/40-fetch.cfg...
DEBUG [2017-05-02 12:04:20,258] Skel file is 40-https.cfg...
DEBUG [2017-05-02 12:04:20,258] Set output path as /opt/hotspot/var/Test/40-https.cfg...
DEBUG [2017-05-02 12:04:20,258] Skel file is 40-wg.cfg...
DEBUG [2017-05-02 12:04:20,258] Set output path as /opt/hotspot/var/Test/40-wg.cfg...
DEBUG [2017-05-02 12:04:20,258] Skel file is 50-firewall.cfg...
DEBUG [2017-05-02 12:04:20,258] Set output path as /opt/hotspot/var/Test/50-firewall.cfg...
DEBUG [2017-05-02 12:04:20,258] Skel file is 90-fb.cfg...
DEBUG [2017-05-02 12:04:20,258] Set output path as /opt/hotspot/var/Test/90-fb.cfg...
DEBUG [2017-05-02 12:04:20,258] Skel file is 90-insta.cfg...
DEBUG [2017-05-02 12:04:20,258] Set output path as /opt/hotspot/var/Test/90-insta.cfg...
DEBUG [2017-05-02 12:04:20,259] Skel file is 90-ok.cfg...
DEBUG [2017-05-02 12:04:20,259] Set output path as /opt/hotspot/var/Test/90-ok.cfg...
DEBUG [2017-05-02 12:04:20,259] Skel file is 90-twitter.cfg...
DEBUG [2017-05-02 12:04:20,259] Set output path as /opt/hotspot/var/Test/90-twitter.cfg...
DEBUG [2017-05-02 12:04:20,259] Skel file is 90-vk.cfg...
DEBUG [2017-05-02 12:04:20,259] Set output path as /opt/hotspot/var/Test/90-vk.cfg...
DEBUG [2017-05-02 12:04:20,259] Skel file is 99-clean.cfg...
DEBUG [2017-05-02 12:04:20,259] Set output path as /opt/hotspot/var/Test/99-clean.cfg...
WARNING [2017-05-02 12:04:20,259] Failed to generate config for 99-clean.cfg in Test: 'files'
DEBUG [2017-05-02 12:04:20,259] Making fetcher file...
DEBUG [2017-05-02 12:04:20,259] Create zip archive
DEBUG [2017-05-02 12:04:20,259] Add fetcher.cfg to archive
DEBUG [2017-05-02 12:04:20,260] Add default.rsc to archive
DEBUG [2017-05-02 12:04:20,260] Add README to archive
DEBUG [2017-05-02 12:04:20,260] Making openvpn files...
DEBUG [2017-05-02 12:04:20,260] Make cert  Test
DEBUG [2017-05-02 12:04:21,146] Type of cert is client and ip is 10.0.1.12
DEBUG [2017-05-02 12:04:21,147] Make staticfile for 10.0.1.12
DEBUG [2017-05-02 12:04:21,147] Copy keys to directory with user configs. In: /etc/openvpn/keys/, out: /opt/hotspot/var/Test
DEBUG [2017-05-02 12:04:21,147] CFG url is ftp://94.19.247.151/Test/fetcher.zip
DEBUG [2017-05-02 13:00:06,352] Hotspot ID: 12
DEBUG [2017-05-02 13:00:06,361] Prepare settings...
DEBUG [2017-05-02 13:00:06,361] Making config files...
DEBUG [2017-05-02 13:00:06,361] Skel file is 10-base.cfg...
DEBUG [2017-05-02 13:00:06,361] Set output path as /opt/hotspot/var/Test/10-base.cfg...
DEBUG [2017-05-02 13:00:06,361] Skel file is 10-ovpn.cfg...
DEBUG [2017-05-02 13:00:06,361] Set output path as /opt/hotspot/var/Test/10-ovpn.cfg...
DEBUG [2017-05-02 13:00:06,361] Skel file is 20-ip.cfg...
DEBUG [2017-05-02 13:00:06,361] Set output path as /opt/hotspot/var/Test/20-ip.cfg...
DEBUG [2017-05-02 13:00:06,362] Skel file is 30-hotspot.cfg...
DEBUG [2017-05-02 13:00:06,362] Set output path as /opt/hotspot/var/Test/30-hotspot.cfg...
DEBUG [2017-05-02 13:00:06,362] Skel file is 40-fetch.cfg...
DEBUG [2017-05-02 13:00:06,362] Set output path as /opt/hotspot/var/Test/40-fetch.cfg...
DEBUG [2017-05-02 13:00:06,362] Skel file is 40-https.cfg...
DEBUG [2017-05-02 13:00:06,362] Set output path as /opt/hotspot/var/Test/40-https.cfg...
DEBUG [2017-05-02 13:00:06,362] Skel file is 40-wg.cfg...
DEBUG [2017-05-02 13:00:06,362] Set output path as /opt/hotspot/var/Test/40-wg.cfg...
DEBUG [2017-05-02 13:00:06,362] Skel file is 50-firewall.cfg...
DEBUG [2017-05-02 13:00:06,362] Set output path as /opt/hotspot/var/Test/50-firewall.cfg...
DEBUG [2017-05-02 13:00:06,363] Skel file is 90-fb.cfg...
DEBUG [2017-05-02 13:00:06,363] Set output path as /opt/hotspot/var/Test/90-fb.cfg...
DEBUG [2017-05-02 13:00:06,363] Skel file is 90-insta.cfg...
DEBUG [2017-05-02 13:00:06,363] Set output path as /opt/hotspot/var/Test/90-insta.cfg...
DEBUG [2017-05-02 13:00:06,363] Skel file is 90-ok.cfg...
DEBUG [2017-05-02 13:00:06,363] Set output path as /opt/hotspot/var/Test/90-ok.cfg...
DEBUG [2017-05-02 13:00:06,363] Skel file is 90-twitter.cfg...
DEBUG [2017-05-02 13:00:06,363] Set output path as /opt/hotspot/var/Test/90-twitter.cfg...
DEBUG [2017-05-02 13:00:06,363] Skel file is 90-vk.cfg...
DEBUG [2017-05-02 13:00:06,363] Set output path as /opt/hotspot/var/Test/90-vk.cfg...
DEBUG [2017-05-02 13:00:06,364] Skel file is 99-clean.cfg...
DEBUG [2017-05-02 13:00:06,364] Set output path as /opt/hotspot/var/Test/99-clean.cfg...
WARNING [2017-05-02 13:00:06,364] Failed to generate config for 99-clean.cfg in Test: 'files'
DEBUG [2017-05-02 13:00:06,364] Making fetcher file...
DEBUG [2017-05-02 13:00:06,364] Create zip archive
DEBUG [2017-05-02 13:00:06,364] Add fetcher.cfg to archive
DEBUG [2017-05-02 13:00:06,364] Add default.rsc to archive
DEBUG [2017-05-02 13:00:06,364] Add README to archive
DEBUG [2017-05-02 13:00:06,365] Making openvpn files...
DEBUG [2017-05-02 13:00:06,365] Make cert  Test
DEBUG [2017-05-02 13:00:06,365] Type of cert is client and ip is 10.0.1.12
DEBUG [2017-05-02 13:00:06,365] Make staticfile for 10.0.1.12
DEBUG [2017-05-02 13:00:06,365] Copy keys to directory with user configs. In: /etc/openvpn/keys/, out: /opt/hotspot/var/Test
DEBUG [2017-05-02 13:00:06,366] CFG url is ftp://94.19.247.151/Test/fetcher.zip
DEBUG [2017-05-02 19:15:46,685] Hotspot ID: 12
DEBUG [2017-05-02 19:15:46,694] Prepare settings...
DEBUG [2017-05-02 19:15:46,694] Making config files...
DEBUG [2017-05-02 19:15:46,694] Skel file is 10-base.cfg...
DEBUG [2017-05-02 19:15:46,694] Set output path as /opt/hotspot/var/Test1/10-base.cfg...
DEBUG [2017-05-02 19:15:46,694] Skel file is 10-ovpn.cfg...
DEBUG [2017-05-02 19:15:46,694] Set output path as /opt/hotspot/var/Test1/10-ovpn.cfg...
DEBUG [2017-05-02 19:15:46,694] Skel file is 20-ip.cfg...
DEBUG [2017-05-02 19:15:46,694] Set output path as /opt/hotspot/var/Test1/20-ip.cfg...
DEBUG [2017-05-02 19:15:46,694] Skel file is 30-hotspot.cfg...
DEBUG [2017-05-02 19:15:46,694] Set output path as /opt/hotspot/var/Test1/30-hotspot.cfg...
DEBUG [2017-05-02 19:15:46,695] Skel file is 40-fetch.cfg...
DEBUG [2017-05-02 19:15:46,695] Set output path as /opt/hotspot/var/Test1/40-fetch.cfg...
DEBUG [2017-05-02 19:15:46,695] Skel file is 40-https.cfg...
DEBUG [2017-05-02 19:15:46,695] Set output path as /opt/hotspot/var/Test1/40-https.cfg...
DEBUG [2017-05-02 19:15:46,695] Skel file is 40-wg.cfg...
DEBUG [2017-05-02 19:15:46,695] Set output path as /opt/hotspot/var/Test1/40-wg.cfg...
DEBUG [2017-05-02 19:15:46,695] Skel file is 50-firewall.cfg...
DEBUG [2017-05-02 19:15:46,695] Set output path as /opt/hotspot/var/Test1/50-firewall.cfg...
DEBUG [2017-05-02 19:15:46,695] Skel file is 90-fb.cfg...
DEBUG [2017-05-02 19:15:46,695] Set output path as /opt/hotspot/var/Test1/90-fb.cfg...
DEBUG [2017-05-02 19:15:46,695] Skel file is 90-insta.cfg...
DEBUG [2017-05-02 19:15:46,695] Set output path as /opt/hotspot/var/Test1/90-insta.cfg...
DEBUG [2017-05-02 19:15:46,695] Skel file is 90-ok.cfg...
DEBUG [2017-05-02 19:15:46,696] Set output path as /opt/hotspot/var/Test1/90-ok.cfg...
DEBUG [2017-05-02 19:15:46,696] Skel file is 90-twitter.cfg...
DEBUG [2017-05-02 19:15:46,696] Set output path as /opt/hotspot/var/Test1/90-twitter.cfg...
DEBUG [2017-05-02 19:15:46,696] Skel file is 90-vk.cfg...
DEBUG [2017-05-02 19:15:46,696] Set output path as /opt/hotspot/var/Test1/90-vk.cfg...
DEBUG [2017-05-02 19:15:46,696] Skel file is 99-clean.cfg...
DEBUG [2017-05-02 19:15:46,696] Set output path as /opt/hotspot/var/Test1/99-clean.cfg...
WARNING [2017-05-02 19:15:46,696] Failed to generate config for 99-clean.cfg in Test1: 'files'
DEBUG [2017-05-02 19:15:46,696] Making fetcher file...
DEBUG [2017-05-02 19:15:46,696] Create zip archive
DEBUG [2017-05-02 19:15:46,696] Add fetcher.cfg to archive
DEBUG [2017-05-02 19:15:46,697] Add default.rsc to archive
DEBUG [2017-05-02 19:15:46,697] Add README to archive
DEBUG [2017-05-02 19:15:46,697] Making openvpn files...
DEBUG [2017-05-02 19:15:46,697] Make cert  Test1
DEBUG [2017-05-02 19:15:46,973] Type of cert is client and ip is 10.0.1.12
DEBUG [2017-05-02 19:15:46,973] Make staticfile for 10.0.1.12
DEBUG [2017-05-02 19:15:46,973] Copy keys to directory with user configs. In: /etc/openvpn/keys/, out: /opt/hotspot/var/Test1
DEBUG [2017-05-02 19:15:46,974] CFG url is ftp://94.19.247.151/Test1/fetcher.zip
DEBUG [2017-05-03 13:53:22,318] Hotspot ID: 12
DEBUG [2017-05-03 13:53:22,329] Prepare settings...
DEBUG [2017-05-03 13:53:22,329] Making config files...
DEBUG [2017-05-03 13:53:22,329] Skel file is 10-base.cfg...
DEBUG [2017-05-03 13:53:22,329] Set output path as /opt/hotspot/var/test12/10-base.cfg...
DEBUG [2017-05-03 13:53:22,330] Skel file is 10-ovpn.cfg...
DEBUG [2017-05-03 13:53:22,330] Set output path as /opt/hotspot/var/test12/10-ovpn.cfg...
DEBUG [2017-05-03 13:53:22,330] Skel file is 20-ip.cfg...
DEBUG [2017-05-03 13:53:22,330] Set output path as /opt/hotspot/var/test12/20-ip.cfg...
DEBUG [2017-05-03 13:53:22,330] Skel file is 30-hotspot.cfg...
DEBUG [2017-05-03 13:53:22,330] Set output path as /opt/hotspot/var/test12/30-hotspot.cfg...
DEBUG [2017-05-03 13:53:22,330] Skel file is 40-fetch.cfg...
DEBUG [2017-05-03 13:53:22,330] Set output path as /opt/hotspot/var/test12/40-fetch.cfg...
DEBUG [2017-05-03 13:53:22,331] Skel file is 40-https.cfg...
DEBUG [2017-05-03 13:53:22,331] Set output path as /opt/hotspot/var/test12/40-https.cfg...
DEBUG [2017-05-03 13:53:22,331] Skel file is 40-wg.cfg...
DEBUG [2017-05-03 13:53:22,331] Set output path as /opt/hotspot/var/test12/40-wg.cfg...
DEBUG [2017-05-03 13:53:22,331] Skel file is 50-firewall.cfg...
DEBUG [2017-05-03 13:53:22,331] Set output path as /opt/hotspot/var/test12/50-firewall.cfg...
DEBUG [2017-05-03 13:53:22,332] Skel file is 90-fb.cfg...
DEBUG [2017-05-03 13:53:22,332] Set output path as /opt/hotspot/var/test12/90-fb.cfg...
DEBUG [2017-05-03 13:53:22,332] Skel file is 90-insta.cfg...
DEBUG [2017-05-03 13:53:22,332] Set output path as /opt/hotspot/var/test12/90-insta.cfg...
DEBUG [2017-05-03 13:53:22,332] Skel file is 90-ok.cfg...
DEBUG [2017-05-03 13:53:22,332] Set output path as /opt/hotspot/var/test12/90-ok.cfg...
DEBUG [2017-05-03 13:53:22,332] Skel file is 90-twitter.cfg...
DEBUG [2017-05-03 13:53:22,332] Set output path as /opt/hotspot/var/test12/90-twitter.cfg...
DEBUG [2017-05-03 13:53:22,333] Skel file is 90-vk.cfg...
DEBUG [2017-05-03 13:53:22,333] Set output path as /opt/hotspot/var/test12/90-vk.cfg...
DEBUG [2017-05-03 13:53:22,333] Skel file is 99-clean.cfg...
DEBUG [2017-05-03 13:53:22,333] Set output path as /opt/hotspot/var/test12/99-clean.cfg...
WARNING [2017-05-03 13:53:22,333] Failed to generate config for 99-clean.cfg in test12: 'files'
DEBUG [2017-05-03 13:53:22,333] Making fetcher file...
DEBUG [2017-05-03 13:53:22,333] Create zip archive
DEBUG [2017-05-03 13:53:22,334] Add fetcher.cfg to archive
DEBUG [2017-05-03 13:53:22,334] Add default.rsc to archive
DEBUG [2017-05-03 13:53:22,334] Add README to archive
DEBUG [2017-05-03 13:53:22,334] Making openvpn files...
DEBUG [2017-05-03 13:53:22,334] Make cert  test12
DEBUG [2017-05-03 13:53:22,626] Type of cert is client and ip is 10.0.1.12
DEBUG [2017-05-03 13:53:22,626] Make staticfile for 10.0.1.12
DEBUG [2017-05-03 13:53:22,626] Copy keys to directory with user configs. In: /etc/openvpn/keys/, out: /opt/hotspot/var/test12
DEBUG [2017-05-03 13:53:22,626] CFG url is ftp://94.19.247.151/test12/fetcher.zip
DEBUG [2017-05-03 14:33:10,125] Hotspot ID: 1
DEBUG [2017-05-03 14:33:10,134] Prepare settings...
DEBUG [2017-05-03 14:33:10,134] Making config files...
DEBUG [2017-05-03 14:33:10,134] Skel file is 10-base.cfg...
DEBUG [2017-05-03 14:33:10,134] Set output path as /opt/hotspot/var/snake/10-base.cfg...
DEBUG [2017-05-03 14:33:10,134] Skel file is 10-ovpn.cfg...
DEBUG [2017-05-03 14:33:10,135] Set output path as /opt/hotspot/var/snake/10-ovpn.cfg...
DEBUG [2017-05-03 14:33:10,135] Skel file is 20-ip.cfg...
DEBUG [2017-05-03 14:33:10,135] Set output path as /opt/hotspot/var/snake/20-ip.cfg...
DEBUG [2017-05-03 14:33:10,135] Skel file is 30-hotspot.cfg...
DEBUG [2017-05-03 14:33:10,135] Set output path as /opt/hotspot/var/snake/30-hotspot.cfg...
DEBUG [2017-05-03 14:33:10,135] Skel file is 40-fetch.cfg...
DEBUG [2017-05-03 14:33:10,135] Set output path as /opt/hotspot/var/snake/40-fetch.cfg...
DEBUG [2017-05-03 14:33:10,135] Skel file is 40-https.cfg...
DEBUG [2017-05-03 14:33:10,135] Set output path as /opt/hotspot/var/snake/40-https.cfg...
DEBUG [2017-05-03 14:33:10,135] Skel file is 40-wg.cfg...
DEBUG [2017-05-03 14:33:10,135] Set output path as /opt/hotspot/var/snake/40-wg.cfg...
DEBUG [2017-05-03 14:33:10,135] Skel file is 50-firewall.cfg...
DEBUG [2017-05-03 14:33:10,136] Set output path as /opt/hotspot/var/snake/50-firewall.cfg...
DEBUG [2017-05-03 14:33:10,136] Skel file is 90-fb.cfg...
DEBUG [2017-05-03 14:33:10,136] Set output path as /opt/hotspot/var/snake/90-fb.cfg...
DEBUG [2017-05-03 14:33:10,136] Skel file is 90-insta.cfg...
DEBUG [2017-05-03 14:33:10,136] Set output path as /opt/hotspot/var/snake/90-insta.cfg...
DEBUG [2017-05-03 14:33:10,136] Skel file is 90-ok.cfg...
DEBUG [2017-05-03 14:33:10,136] Set output path as /opt/hotspot/var/snake/90-ok.cfg...
DEBUG [2017-05-03 14:33:10,136] Skel file is 90-twitter.cfg...
DEBUG [2017-05-03 14:33:10,136] Set output path as /opt/hotspot/var/snake/90-twitter.cfg...
DEBUG [2017-05-03 14:33:10,136] Skel file is 90-vk.cfg...
DEBUG [2017-05-03 14:33:10,136] Set output path as /opt/hotspot/var/snake/90-vk.cfg...
DEBUG [2017-05-03 14:33:10,136] Skel file is 99-clean.cfg...
DEBUG [2017-05-03 14:33:10,136] Set output path as /opt/hotspot/var/snake/99-clean.cfg...
WARNING [2017-05-03 14:33:10,136] Failed to generate config for 99-clean.cfg in snake: 'files'
DEBUG [2017-05-03 14:33:10,137] Making fetcher file...
DEBUG [2017-05-03 14:33:10,137] Create zip archive
DEBUG [2017-05-03 14:33:10,137] Add fetcher.cfg to archive
DEBUG [2017-05-03 14:33:10,137] Add default.rsc to archive
DEBUG [2017-05-03 14:33:10,137] Add README to archive
DEBUG [2017-05-03 14:33:10,137] Making openvpn files...
DEBUG [2017-05-03 14:33:10,137] Make cert  snake
DEBUG [2017-05-03 14:33:11,000] Type of cert is client and ip is 10.0.1.1
DEBUG [2017-05-03 14:33:11,000] Make staticfile for 10.0.1.1
DEBUG [2017-05-03 14:33:11,000] Copy keys to directory with user configs. In: /etc/openvpn/keys/, out: /opt/hotspot/var/snake
DEBUG [2017-05-03 14:33:11,000] CFG url is ftp://94.19.247.151/snake/fetcher.zip
DEBUG [2017-05-03 14:35:55,597] Hotspot ID: 2
DEBUG [2017-05-03 14:35:55,607] Prepare settings...
DEBUG [2017-05-03 14:35:55,607] Making config files...
DEBUG [2017-05-03 14:35:55,607] Skel file is 10-base.cfg...
DEBUG [2017-05-03 14:35:55,607] Set output path as /opt/hotspot/var/nikita/10-base.cfg...
DEBUG [2017-05-03 14:35:55,607] Skel file is 10-ovpn.cfg...
DEBUG [2017-05-03 14:35:55,607] Set output path as /opt/hotspot/var/nikita/10-ovpn.cfg...
DEBUG [2017-05-03 14:35:55,607] Skel file is 20-ip.cfg...
DEBUG [2017-05-03 14:35:55,607] Set output path as /opt/hotspot/var/nikita/20-ip.cfg...
DEBUG [2017-05-03 14:35:55,608] Skel file is 30-hotspot.cfg...
DEBUG [2017-05-03 14:35:55,608] Set output path as /opt/hotspot/var/nikita/30-hotspot.cfg...
DEBUG [2017-05-03 14:35:55,608] Skel file is 40-fetch.cfg...
DEBUG [2017-05-03 14:35:55,608] Set output path as /opt/hotspot/var/nikita/40-fetch.cfg...
DEBUG [2017-05-03 14:35:55,608] Skel file is 40-https.cfg...
DEBUG [2017-05-03 14:35:55,608] Set output path as /opt/hotspot/var/nikita/40-https.cfg...
DEBUG [2017-05-03 14:35:55,608] Skel file is 40-wg.cfg...
DEBUG [2017-05-03 14:35:55,608] Set output path as /opt/hotspot/var/nikita/40-wg.cfg...
DEBUG [2017-05-03 14:35:55,608] Skel file is 50-firewall.cfg...
DEBUG [2017-05-03 14:35:55,608] Set output path as /opt/hotspot/var/nikita/50-firewall.cfg...
DEBUG [2017-05-03 14:35:55,608] Skel file is 90-fb.cfg...
DEBUG [2017-05-03 14:35:55,608] Set output path as /opt/hotspot/var/nikita/90-fb.cfg...
DEBUG [2017-05-03 14:35:55,609] Skel file is 90-insta.cfg...
DEBUG [2017-05-03 14:35:55,609] Set output path as /opt/hotspot/var/nikita/90-insta.cfg...
DEBUG [2017-05-03 14:35:55,609] Skel file is 90-ok.cfg...
DEBUG [2017-05-03 14:35:55,609] Set output path as /opt/hotspot/var/nikita/90-ok.cfg...
DEBUG [2017-05-03 14:35:55,609] Skel file is 90-twitter.cfg...
DEBUG [2017-05-03 14:35:55,609] Set output path as /opt/hotspot/var/nikita/90-twitter.cfg...
DEBUG [2017-05-03 14:35:55,609] Skel file is 90-vk.cfg...
DEBUG [2017-05-03 14:35:55,609] Set output path as /opt/hotspot/var/nikita/90-vk.cfg...
DEBUG [2017-05-03 14:35:55,609] Skel file is 99-clean.cfg...
DEBUG [2017-05-03 14:35:55,609] Set output path as /opt/hotspot/var/nikita/99-clean.cfg...
WARNING [2017-05-03 14:35:55,610] Failed to generate config for 99-clean.cfg in nikita: 'files'
DEBUG [2017-05-03 14:35:55,610] Making fetcher file...
DEBUG [2017-05-03 14:35:55,610] Create zip archive
DEBUG [2017-05-03 14:35:55,610] Add fetcher.cfg to archive
DEBUG [2017-05-03 14:35:55,610] Add default.rsc to archive
DEBUG [2017-05-03 14:35:55,611] Add README to archive
DEBUG [2017-05-03 14:35:55,611] Making openvpn files...
DEBUG [2017-05-03 14:35:55,611] Make cert  nikita
DEBUG [2017-05-03 14:35:56,781] Type of cert is client and ip is 10.0.1.2
DEBUG [2017-05-03 14:35:56,781] Make staticfile for 10.0.1.2
DEBUG [2017-05-03 14:35:56,781] Copy keys to directory with user configs. In: /etc/openvpn/keys/, out: /opt/hotspot/var/nikita
DEBUG [2017-05-03 14:35:56,782] CFG url is ftp://94.19.247.151/nikita/fetcher.zip
DEBUG [2017-06-07 12:40:51,680] Hotspot ID: 3
DEBUG [2017-06-07 12:40:51,691] Prepare settings...
DEBUG [2017-06-07 12:40:51,691] Making config files...
DEBUG [2017-06-07 12:40:51,691] Skel file is 10-base.cfg...
DEBUG [2017-06-07 12:40:51,691] Set output path as /opt/hotspot/var/aqupark_odessa/10-base.cfg...
DEBUG [2017-06-07 12:40:51,692] Skel file is 10-ovpn.cfg...
DEBUG [2017-06-07 12:40:51,692] Set output path as /opt/hotspot/var/aqupark_odessa/10-ovpn.cfg...
DEBUG [2017-06-07 12:40:51,692] Skel file is 20-ip.cfg...
DEBUG [2017-06-07 12:40:51,692] Set output path as /opt/hotspot/var/aqupark_odessa/20-ip.cfg...
DEBUG [2017-06-07 12:40:51,692] Skel file is 30-hotspot.cfg...
DEBUG [2017-06-07 12:40:51,692] Set output path as /opt/hotspot/var/aqupark_odessa/30-hotspot.cfg...
DEBUG [2017-06-07 12:40:51,693] Skel file is 40-fetch.cfg...
DEBUG [2017-06-07 12:40:51,693] Set output path as /opt/hotspot/var/aqupark_odessa/40-fetch.cfg...
DEBUG [2017-06-07 12:40:51,693] Skel file is 40-https.cfg...
DEBUG [2017-06-07 12:40:51,693] Set output path as /opt/hotspot/var/aqupark_odessa/40-https.cfg...
DEBUG [2017-06-07 12:40:51,693] Skel file is 40-wg.cfg...
DEBUG [2017-06-07 12:40:51,693] Set output path as /opt/hotspot/var/aqupark_odessa/40-wg.cfg...
DEBUG [2017-06-07 12:40:51,694] Skel file is 50-firewall.cfg...
DEBUG [2017-06-07 12:40:51,694] Set output path as /opt/hotspot/var/aqupark_odessa/50-firewall.cfg...
DEBUG [2017-06-07 12:40:51,694] Skel file is 90-fb.cfg...
DEBUG [2017-06-07 12:40:51,694] Set output path as /opt/hotspot/var/aqupark_odessa/90-fb.cfg...
DEBUG [2017-06-07 12:40:51,694] Skel file is 90-insta.cfg...
DEBUG [2017-06-07 12:40:51,694] Set output path as /opt/hotspot/var/aqupark_odessa/90-insta.cfg...
DEBUG [2017-06-07 12:40:51,694] Skel file is 90-ok.cfg...
DEBUG [2017-06-07 12:40:51,694] Set output path as /opt/hotspot/var/aqupark_odessa/90-ok.cfg...
DEBUG [2017-06-07 12:40:51,695] Skel file is 90-twitter.cfg...
DEBUG [2017-06-07 12:40:51,695] Set output path as /opt/hotspot/var/aqupark_odessa/90-twitter.cfg...
DEBUG [2017-06-07 12:40:51,695] Skel file is 90-vk.cfg...
DEBUG [2017-06-07 12:40:51,695] Set output path as /opt/hotspot/var/aqupark_odessa/90-vk.cfg...
DEBUG [2017-06-07 12:40:51,695] Skel file is 99-clean.cfg...
DEBUG [2017-06-07 12:40:51,695] Set output path as /opt/hotspot/var/aqupark_odessa/99-clean.cfg...
WARNING [2017-06-07 12:40:51,695] Failed to generate config for 99-clean.cfg in aqupark_odessa: 'files'
DEBUG [2017-06-07 12:40:51,695] Making fetcher file...
DEBUG [2017-06-07 12:40:51,696] Create zip archive
DEBUG [2017-06-07 12:40:51,696] Add fetcher.cfg to archive
DEBUG [2017-06-07 12:40:51,696] Add default.rsc to archive
DEBUG [2017-06-07 12:40:51,696] Add README to archive
DEBUG [2017-06-07 12:40:51,696] Making openvpn files...
DEBUG [2017-06-07 12:40:51,697] Make cert  aqupark_odessa
DEBUG [2017-06-07 12:40:52,143] Type of cert is client and ip is 10.0.1.3
DEBUG [2017-06-07 12:40:52,143] Make staticfile for 10.0.1.3
DEBUG [2017-06-07 12:40:52,143] Copy keys to directory with user configs. In: /etc/openvpn/keys/, out: /opt/hotspot/var/aqupark_odessa
DEBUG [2017-06-07 12:40:52,143] CFG url is ftp://94.19.247.151/aqupark_odessa/fetcher.zip
DEBUG [2017-07-02 12:20:48,205] Hotspot ID: 4
DEBUG [2017-07-02 12:20:48,216] Prepare settings...
DEBUG [2017-07-02 12:20:48,216] Making config files...
DEBUG [2017-07-02 12:20:48,216] Skel file is 10-base.cfg...
DEBUG [2017-07-02 12:20:48,216] Set output path as /opt/hotspot/var/Aquapark_Zatoka/10-base.cfg...
DEBUG [2017-07-02 12:20:48,216] Skel file is 10-ovpn.cfg...
DEBUG [2017-07-02 12:20:48,216] Set output path as /opt/hotspot/var/Aquapark_Zatoka/10-ovpn.cfg...
DEBUG [2017-07-02 12:20:48,216] Skel file is 20-ip.cfg...
DEBUG [2017-07-02 12:20:48,216] Set output path as /opt/hotspot/var/Aquapark_Zatoka/20-ip.cfg...
DEBUG [2017-07-02 12:20:48,216] Skel file is 30-hotspot.cfg...
DEBUG [2017-07-02 12:20:48,217] Set output path as /opt/hotspot/var/Aquapark_Zatoka/30-hotspot.cfg...
DEBUG [2017-07-02 12:20:48,217] Skel file is 40-fetch.cfg...
DEBUG [2017-07-02 12:20:48,217] Set output path as /opt/hotspot/var/Aquapark_Zatoka/40-fetch.cfg...
DEBUG [2017-07-02 12:20:48,217] Skel file is 40-https.cfg...
DEBUG [2017-07-02 12:20:48,217] Set output path as /opt/hotspot/var/Aquapark_Zatoka/40-https.cfg...
DEBUG [2017-07-02 12:20:48,217] Skel file is 40-wg.cfg...
DEBUG [2017-07-02 12:20:48,217] Set output path as /opt/hotspot/var/Aquapark_Zatoka/40-wg.cfg...
DEBUG [2017-07-02 12:20:48,217] Skel file is 50-firewall.cfg...
DEBUG [2017-07-02 12:20:48,217] Set output path as /opt/hotspot/var/Aquapark_Zatoka/50-firewall.cfg...
DEBUG [2017-07-02 12:20:48,217] Skel file is 90-fb.cfg...
DEBUG [2017-07-02 12:20:48,217] Set output path as /opt/hotspot/var/Aquapark_Zatoka/90-fb.cfg...
DEBUG [2017-07-02 12:20:48,218] Skel file is 90-insta.cfg...
DEBUG [2017-07-02 12:20:48,218] Set output path as /opt/hotspot/var/Aquapark_Zatoka/90-insta.cfg...
DEBUG [2017-07-02 12:20:48,218] Skel file is 90-ok.cfg...
DEBUG [2017-07-02 12:20:48,218] Set output path as /opt/hotspot/var/Aquapark_Zatoka/90-ok.cfg...
DEBUG [2017-07-02 12:20:48,218] Skel file is 90-twitter.cfg...
DEBUG [2017-07-02 12:20:48,218] Set output path as /opt/hotspot/var/Aquapark_Zatoka/90-twitter.cfg...
DEBUG [2017-07-02 12:20:48,218] Skel file is 90-vk.cfg...
DEBUG [2017-07-02 12:20:48,218] Set output path as /opt/hotspot/var/Aquapark_Zatoka/90-vk.cfg...
DEBUG [2017-07-02 12:20:48,218] Skel file is 99-clean.cfg...
DEBUG [2017-07-02 12:20:48,218] Set output path as /opt/hotspot/var/Aquapark_Zatoka/99-clean.cfg...
WARNING [2017-07-02 12:20:48,218] Failed to generate config for 99-clean.cfg in Aquapark_Zatoka: 'files'
DEBUG [2017-07-02 12:20:48,218] Making fetcher file...
DEBUG [2017-07-02 12:20:48,219] Create zip archive
DEBUG [2017-07-02 12:20:48,219] Add fetcher.cfg to archive
DEBUG [2017-07-02 12:20:48,219] Add default.rsc to archive
DEBUG [2017-07-02 12:20:48,219] Add README to archive
DEBUG [2017-07-02 12:20:48,219] Making openvpn files...
DEBUG [2017-07-02 12:20:48,219] Make cert  Aquapark_Zatoka
DEBUG [2017-07-02 12:20:48,558] Type of cert is client and ip is 10.0.1.4
DEBUG [2017-07-02 12:20:48,558] Make staticfile for 10.0.1.4
DEBUG [2017-07-02 12:20:48,558] Copy keys to directory with user configs. In: /etc/openvpn/keys/, out: /opt/hotspot/var/Aquapark_Zatoka
DEBUG [2017-07-02 12:20:48,558] CFG url is ftp://94.19.247.151/Aquapark_Zatoka/fetcher.zip
DEBUG [2017-07-02 13:31:51,569] Hotspot ID: 4
DEBUG [2017-07-02 13:31:51,580] Prepare settings...
DEBUG [2017-07-02 13:31:51,580] Making config files...
DEBUG [2017-07-02 13:31:51,580] Skel file is 10-base.cfg...
DEBUG [2017-07-02 13:31:51,580] Set output path as /opt/hotspot/var/Aquapark1/10-base.cfg...
DEBUG [2017-07-02 13:31:51,580] Skel file is 10-ovpn.cfg...
DEBUG [2017-07-02 13:31:51,580] Set output path as /opt/hotspot/var/Aquapark1/10-ovpn.cfg...
DEBUG [2017-07-02 13:31:51,580] Skel file is 20-ip.cfg...
DEBUG [2017-07-02 13:31:51,580] Set output path as /opt/hotspot/var/Aquapark1/20-ip.cfg...
DEBUG [2017-07-02 13:31:51,581] Skel file is 30-hotspot.cfg...
DEBUG [2017-07-02 13:31:51,581] Set output path as /opt/hotspot/var/Aquapark1/30-hotspot.cfg...
DEBUG [2017-07-02 13:31:51,581] Skel file is 40-fetch.cfg...
DEBUG [2017-07-02 13:31:51,581] Set output path as /opt/hotspot/var/Aquapark1/40-fetch.cfg...
DEBUG [2017-07-02 13:31:51,581] Skel file is 40-https.cfg...
DEBUG [2017-07-02 13:31:51,581] Set output path as /opt/hotspot/var/Aquapark1/40-https.cfg...
DEBUG [2017-07-02 13:31:51,581] Skel file is 40-wg.cfg...
DEBUG [2017-07-02 13:31:51,581] Set output path as /opt/hotspot/var/Aquapark1/40-wg.cfg...
DEBUG [2017-07-02 13:31:51,581] Skel file is 50-firewall.cfg...
DEBUG [2017-07-02 13:31:51,581] Set output path as /opt/hotspot/var/Aquapark1/50-firewall.cfg...
DEBUG [2017-07-02 13:31:51,582] Skel file is 90-fb.cfg...
DEBUG [2017-07-02 13:31:51,582] Set output path as /opt/hotspot/var/Aquapark1/90-fb.cfg...
DEBUG [2017-07-02 13:31:51,582] Skel file is 90-insta.cfg...
DEBUG [2017-07-02 13:31:51,582] Set output path as /opt/hotspot/var/Aquapark1/90-insta.cfg...
DEBUG [2017-07-02 13:31:51,582] Skel file is 90-ok.cfg...
DEBUG [2017-07-02 13:31:51,582] Set output path as /opt/hotspot/var/Aquapark1/90-ok.cfg...
DEBUG [2017-07-02 13:31:51,582] Skel file is 90-twitter.cfg...
DEBUG [2017-07-02 13:31:51,582] Set output path as /opt/hotspot/var/Aquapark1/90-twitter.cfg...
DEBUG [2017-07-02 13:31:51,582] Skel file is 90-vk.cfg...
DEBUG [2017-07-02 13:31:51,582] Set output path as /opt/hotspot/var/Aquapark1/90-vk.cfg...
DEBUG [2017-07-02 13:31:51,583] Skel file is 99-clean.cfg...
DEBUG [2017-07-02 13:31:51,583] Set output path as /opt/hotspot/var/Aquapark1/99-clean.cfg...
WARNING [2017-07-02 13:31:51,583] Failed to generate config for 99-clean.cfg in Aquapark1: 'files'
DEBUG [2017-07-02 13:31:51,583] Making fetcher file...
DEBUG [2017-07-02 13:31:51,583] Create zip archive
DEBUG [2017-07-02 13:31:51,583] Add fetcher.cfg to archive
DEBUG [2017-07-02 13:31:51,583] Add default.rsc to archive
DEBUG [2017-07-02 13:31:51,583] Add README to archive
DEBUG [2017-07-02 13:31:51,584] Making openvpn files...
DEBUG [2017-07-02 13:31:51,584] Make cert  Aquapark1
DEBUG [2017-07-02 13:31:52,891] Type of cert is client and ip is 10.0.1.4
DEBUG [2017-07-02 13:31:52,891] Make staticfile for 10.0.1.4
DEBUG [2017-07-02 13:31:52,891] Copy keys to directory with user configs. In: /etc/openvpn/keys/, out: /opt/hotspot/var/Aquapark1
DEBUG [2017-07-02 13:31:52,891] CFG url is ftp://94.19.247.151/Aquapark1/fetcher.zip
DEBUG [2017-07-03 14:23:46,832] Hotspot ID: 4
DEBUG [2017-07-03 14:23:46,842] Prepare settings...
DEBUG [2017-07-03 14:23:46,843] Making config files...
DEBUG [2017-07-03 14:23:46,843] Skel file is 10-base.cfg...
DEBUG [2017-07-03 14:23:46,843] Set output path as /opt/hotspot/var/aquatest/10-base.cfg...
DEBUG [2017-07-03 14:23:46,843] Skel file is 10-ovpn.cfg...
DEBUG [2017-07-03 14:23:46,843] Set output path as /opt/hotspot/var/aquatest/10-ovpn.cfg...
DEBUG [2017-07-03 14:23:46,843] Skel file is 20-ip.cfg...
DEBUG [2017-07-03 14:23:46,843] Set output path as /opt/hotspot/var/aquatest/20-ip.cfg...
DEBUG [2017-07-03 14:23:46,843] Skel file is 30-hotspot.cfg...
DEBUG [2017-07-03 14:23:46,843] Set output path as /opt/hotspot/var/aquatest/30-hotspot.cfg...
DEBUG [2017-07-03 14:23:46,843] Skel file is 40-fetch.cfg...
DEBUG [2017-07-03 14:23:46,844] Set output path as /opt/hotspot/var/aquatest/40-fetch.cfg...
DEBUG [2017-07-03 14:23:46,844] Skel file is 40-https.cfg...
DEBUG [2017-07-03 14:23:46,844] Set output path as /opt/hotspot/var/aquatest/40-https.cfg...
DEBUG [2017-07-03 14:23:46,844] Skel file is 40-wg.cfg...
DEBUG [2017-07-03 14:23:46,844] Set output path as /opt/hotspot/var/aquatest/40-wg.cfg...
DEBUG [2017-07-03 14:23:46,844] Skel file is 50-firewall.cfg...
DEBUG [2017-07-03 14:23:46,844] Set output path as /opt/hotspot/var/aquatest/50-firewall.cfg...
DEBUG [2017-07-03 14:23:46,844] Skel file is 90-fb.cfg...
DEBUG [2017-07-03 14:23:46,844] Set output path as /opt/hotspot/var/aquatest/90-fb.cfg...
DEBUG [2017-07-03 14:23:46,844] Skel file is 90-insta.cfg...
DEBUG [2017-07-03 14:23:46,844] Set output path as /opt/hotspot/var/aquatest/90-insta.cfg...
DEBUG [2017-07-03 14:23:46,844] Skel file is 90-ok.cfg...
DEBUG [2017-07-03 14:23:46,845] Set output path as /opt/hotspot/var/aquatest/90-ok.cfg...
DEBUG [2017-07-03 14:23:46,845] Skel file is 90-twitter.cfg...
DEBUG [2017-07-03 14:23:46,845] Set output path as /opt/hotspot/var/aquatest/90-twitter.cfg...
DEBUG [2017-07-03 14:23:46,845] Skel file is 90-vk.cfg...
DEBUG [2017-07-03 14:23:46,845] Set output path as /opt/hotspot/var/aquatest/90-vk.cfg...
DEBUG [2017-07-03 14:23:46,845] Skel file is 99-clean.cfg...
DEBUG [2017-07-03 14:23:46,845] Set output path as /opt/hotspot/var/aquatest/99-clean.cfg...
WARNING [2017-07-03 14:23:46,845] Failed to generate config for 99-clean.cfg in aquatest: 'files'
DEBUG [2017-07-03 14:23:46,845] Making fetcher file...
DEBUG [2017-07-03 14:23:46,845] Create zip archive
DEBUG [2017-07-03 14:23:46,845] Add fetcher.cfg to archive
DEBUG [2017-07-03 14:23:46,846] Add default.rsc to archive
DEBUG [2017-07-03 14:23:46,846] Add README to archive
DEBUG [2017-07-03 14:23:46,846] Making openvpn files...
DEBUG [2017-07-03 14:23:46,846] Make cert  aquatest
DEBUG [2017-07-03 14:23:47,648] Type of cert is client and ip is 10.0.1.4
DEBUG [2017-07-03 14:23:47,648] Make staticfile for 10.0.1.4
DEBUG [2017-07-03 14:23:47,648] Copy keys to directory with user configs. In: /etc/openvpn/keys/, out: /opt/hotspot/var/aquatest
DEBUG [2017-07-03 14:23:47,648] CFG url is ftp://94.19.247.151/aquatest/fetcher.zip
